Installing required Python packages...
Looking in links: /proj/sens2023005/nobackup/wharf/dimam/dimam-sens2023005/python_packages
Requirement already satisfied: numpy in /sw/comp/python/3.9.5/rackham/lib/python3.9/site-packages (1.20.3)
Requirement already satisfied: matplotlib in /sw/comp/python/3.9.5/rackham/lib/python3.9/site-packages (3.4.2)
Requirement already satisfied: pyparsing>=2.2.1 in /sw/comp/python/3.9.5/rackham/lib/python3.9/site-packages (from matplotlib) (2.4.7)
Requirement already satisfied: python-dateutil>=2.7 in /sw/comp/python/3.9.5/rackham/lib/python3.9/site-packages (from matplotlib) (2.8.1)
Requirement already satisfied: kiwisolver>=1.0.1 in /sw/comp/python/3.9.5/rackham/lib/python3.9/site-packages (from matplotlib) (1.3.1)
Requirement already satisfied: cycler>=0.10 in /sw/comp/python/3.9.5/rackham/lib/python3.9/site-packages (from matplotlib) (0.10.0)
Requirement already satisfied: pillow>=6.2.0 in /sw/comp/python/3.9.5/rackham/lib/python3.9/site-packages (from matplotlib) (8.2.0)
Requirement already satisfied: six in /sw/comp/python/3.9.5/rackham/lib/python3.9/site-packages (from cycler>=0.10->matplotlib) (1.16.0)

Verifying SVDB installation...
✓ SVDB modules loaded

Checking for pairwise databases...
✓ Found 21 pairwise databases

Starting Hamming vs Levenshtein comparison...
========================================================================

================================================================================
HAMMING vs LEVENSHTEIN CLUSTERING COMPARISON
Full SVDB workflow: Spatial clustering + Sequence re-clustering
================================================================================
Found 21 pairwise databases

Configuration:
  Spatial clustering: DBSCAN
  Sequence threshold: 0.2

================================================================================
DATABASE 1/21: NA12877_NA12878
================================================================================
Loading variants from chromosome 1...
  Total variants: 2510
  Variant types:
    DEL: 874
    INS: 1630
    INV: 6
  INS with sequences: 1630

────────────────────────────────────────────────────────────────────────────────
HAMMING DISTANCE CLUSTERING
────────────────────────────────────────────────────────────────────────────────

  Stage 1: Spatial clustering with DBSCAN...
    Spatial clusters: 269
    Spatial noise: 1903
    Time: 0.02s
  Stage 2: Re-clustering INS with hamming (threshold=0.2)...
    Final clusters: 522
    Final noise: 1903
    Time: 0.04s

────────────────────────────────────────────────────────────────────────────────
LEVENSHTEIN DISTANCE CLUSTERING
────────────────────────────────────────────────────────────────────────────────

  Stage 1: Spatial clustering with DBSCAN...
    Spatial clusters: 269
    Spatial noise: 1903
    Time: 0.03s
  Stage 2: Re-clustering INS with levenshtein (threshold=0.2)...
    Final clusters: 459
    Final noise: 1903
    Time: 650.06s

--------------------------------------------------------------------------------
CLUSTERING COMPARISON
--------------------------------------------------------------------------------
Metric                                           Hamming     Levenshtein
--------------------------------------------------------------------------------
Spatial clusters (same for both)                     269             269
Final clusters                                       522             459
Noise points                                        1903            1903
--------------------------------------------------------------------------------

Cluster assignment agreement: 1906/2510 (75.94%)
Disagreements: 604 (24.06%)
  INS disagreements: 488
  Other disagreements: 116

INS with sequences: 1630
INS agreement: 1142/1630 (70.06%)
INS clusters (Hamming): 444
INS clusters (Levenshtein): 381

--------------------------------------------------------------------------------
PERFORMANCE
--------------------------------------------------------------------------------
Stage                                            Hamming     Levenshtein
--------------------------------------------------------------------------------
Spatial clustering (s)                              0.02            0.03
Sequence re-clustering (s)                          0.04          650.06
Total time (s)                                      0.07          650.09
--------------------------------------------------------------------------------

Generating plots...
  ✓ Saved: clustering_comparison_NA12877_NA12878_cluster_comparison.png
  ✓ Saved: clustering_comparison_NA12877_NA12878_agreement.png
  ✓ Saved: clustering_comparison_NA12877_NA12878_timing.png

================================================================================
DATABASE 2/21: NA12877_NA12879
================================================================================
Loading variants from chromosome 1...
  Total variants: 2545
  Variant types:
    DEL: 875
    INS: 1664
    INV: 6
  INS with sequences: 1664

────────────────────────────────────────────────────────────────────────────────
HAMMING DISTANCE CLUSTERING
────────────────────────────────────────────────────────────────────────────────

  Stage 1: Spatial clustering with DBSCAN...
    Spatial clusters: 277
    Spatial noise: 1924
    Time: 0.02s
  Stage 2: Re-clustering INS with hamming (threshold=0.2)...
    Final clusters: 532
    Final noise: 1924
    Time: 0.04s

────────────────────────────────────────────────────────────────────────────────
LEVENSHTEIN DISTANCE CLUSTERING
────────────────────────────────────────────────────────────────────────────────

  Stage 1: Spatial clustering with DBSCAN...
    Spatial clusters: 277
    Spatial noise: 1924
    Time: 0.02s
  Stage 2: Re-clustering INS with levenshtein (threshold=0.2)...
    Final clusters: 464
    Final noise: 1924
    Time: 799.11s

--------------------------------------------------------------------------------
CLUSTERING COMPARISON
--------------------------------------------------------------------------------
Metric                                           Hamming     Levenshtein
--------------------------------------------------------------------------------
Spatial clusters (same for both)                     277             277
Final clusters                                       532             464
Noise points                                        1924            1924
--------------------------------------------------------------------------------

Cluster assignment agreement: 1927/2545 (75.72%)
Disagreements: 618 (24.28%)
  INS disagreements: 506
  Other disagreements: 112

INS with sequences: 1664
INS agreement: 1158/1664 (69.59%)
INS clusters (Hamming): 456
INS clusters (Levenshtein): 388

--------------------------------------------------------------------------------
PERFORMANCE
--------------------------------------------------------------------------------
Stage                                            Hamming     Levenshtein
--------------------------------------------------------------------------------
Spatial clustering (s)                              0.02            0.02
Sequence re-clustering (s)                          0.04          799.11
Total time (s)                                      0.05          799.13
--------------------------------------------------------------------------------

Generating plots...
  ✓ Saved: clustering_comparison_NA12877_NA12879_cluster_comparison.png
  ✓ Saved: clustering_comparison_NA12877_NA12879_agreement.png
  ✓ Saved: clustering_comparison_NA12877_NA12879_timing.png

================================================================================
DATABASE 3/21: NA12877_NA12881
================================================================================
Loading variants from chromosome 1...
  Total variants: 2517
  Variant types:
    DEL: 855
    INS: 1658
    INV: 4
  INS with sequences: 1658

────────────────────────────────────────────────────────────────────────────────
HAMMING DISTANCE CLUSTERING
────────────────────────────────────────────────────────────────────────────────

  Stage 1: Spatial clustering with DBSCAN...
    Spatial clusters: 269
    Spatial noise: 1908
    Time: 0.02s
  Stage 2: Re-clustering INS with hamming (threshold=0.2)...
    Final clusters: 529
    Final noise: 1908
    Time: 0.04s

────────────────────────────────────────────────────────────────────────────────
LEVENSHTEIN DISTANCE CLUSTERING
────────────────────────────────────────────────────────────────────────────────

  Stage 1: Spatial clustering with DBSCAN...
    Spatial clusters: 269
    Spatial noise: 1908
    Time: 0.02s
  Stage 2: Re-clustering INS with levenshtein (threshold=0.2)...
    Final clusters: 458
    Final noise: 1908
    Time: 897.88s

--------------------------------------------------------------------------------
CLUSTERING COMPARISON
--------------------------------------------------------------------------------
Metric                                           Hamming     Levenshtein
--------------------------------------------------------------------------------
Spatial clusters (same for both)                     269             269
Final clusters                                       529             458
Noise points                                        1908            1908
--------------------------------------------------------------------------------

Cluster assignment agreement: 1911/2517 (75.92%)
Disagreements: 606 (24.08%)
  INS disagreements: 501
  Other disagreements: 105

INS with sequences: 1658
INS agreement: 1157/1658 (69.78%)
INS clusters (Hamming): 456
INS clusters (Levenshtein): 385

--------------------------------------------------------------------------------
PERFORMANCE
--------------------------------------------------------------------------------
Stage                                            Hamming     Levenshtein
--------------------------------------------------------------------------------
Spatial clustering (s)                              0.02            0.02
Sequence re-clustering (s)                          0.04          897.88
Total time (s)                                      0.06          897.90
--------------------------------------------------------------------------------

Generating plots...
  ✓ Saved: clustering_comparison_NA12877_NA12881_cluster_comparison.png
  ✓ Saved: clustering_comparison_NA12877_NA12881_agreement.png
  ✓ Saved: clustering_comparison_NA12877_NA12881_timing.png

================================================================================
DATABASE 4/21: NA12877_NA12882
================================================================================
Loading variants from chromosome 1...
  Total variants: 2555
  Variant types:
    DEL: 880
    INS: 1671
    INV: 4
  INS with sequences: 1671

────────────────────────────────────────────────────────────────────────────────
HAMMING DISTANCE CLUSTERING
────────────────────────────────────────────────────────────────────────────────

  Stage 1: Spatial clustering with DBSCAN...
    Spatial clusters: 284
    Spatial noise: 1916
    Time: 0.02s
  Stage 2: Re-clustering INS with hamming (threshold=0.2)...
    Final clusters: 546
    Final noise: 1916
    Time: 0.04s

────────────────────────────────────────────────────────────────────────────────
LEVENSHTEIN DISTANCE CLUSTERING
────────────────────────────────────────────────────────────────────────────────

  Stage 1: Spatial clustering with DBSCAN...
    Spatial clusters: 284
    Spatial noise: 1916
    Time: 0.02s
  Stage 2: Re-clustering INS with levenshtein (threshold=0.2)...
    Final clusters: 478
    Final noise: 1916
    Time: 747.84s

--------------------------------------------------------------------------------
CLUSTERING COMPARISON
--------------------------------------------------------------------------------
Metric                                           Hamming     Levenshtein
--------------------------------------------------------------------------------
Spatial clusters (same for both)                     284             284
Final clusters                                       546             478
Noise points                                        1916            1916
--------------------------------------------------------------------------------

Cluster assignment agreement: 1919/2555 (75.11%)
Disagreements: 636 (24.89%)
  INS disagreements: 515
  Other disagreements: 121

INS with sequences: 1671
INS agreement: 1156/1671 (69.18%)
INS clusters (Hamming): 466
INS clusters (Levenshtein): 398

--------------------------------------------------------------------------------
PERFORMANCE
--------------------------------------------------------------------------------
Stage                                            Hamming     Levenshtein
--------------------------------------------------------------------------------
Spatial clustering (s)                              0.02            0.02
Sequence re-clustering (s)                          0.04          747.84
Total time (s)                                      0.05          747.86
--------------------------------------------------------------------------------

Generating plots...
  ✓ Saved: clustering_comparison_NA12877_NA12882_cluster_comparison.png
  ✓ Saved: clustering_comparison_NA12877_NA12882_agreement.png
  ✓ Saved: clustering_comparison_NA12877_NA12882_timing.png

================================================================================
DATABASE 5/21: NA12877_NA12885
================================================================================
Loading variants from chromosome 1...
  Total variants: 2513
  Variant types:
    DEL: 868
    INS: 1641
    INV: 4
  INS with sequences: 1641

────────────────────────────────────────────────────────────────────────────────
HAMMING DISTANCE CLUSTERING
────────────────────────────────────────────────────────────────────────────────

  Stage 1: Spatial clustering with DBSCAN...
    Spatial clusters: 271
    Spatial noise: 1904
    Time: 0.02s
  Stage 2: Re-clustering INS with hamming (threshold=0.2)...
    Final clusters: 525
    Final noise: 1904
    Time: 0.04s

────────────────────────────────────────────────────────────────────────────────
LEVENSHTEIN DISTANCE CLUSTERING
────────────────────────────────────────────────────────────────────────────────

  Stage 1: Spatial clustering with DBSCAN...
    Spatial clusters: 271
    Spatial noise: 1904
    Time: 0.02s
  Stage 2: Re-clustering INS with levenshtein (threshold=0.2)...
    Final clusters: 454
    Final noise: 1904
    Time: 731.72s

--------------------------------------------------------------------------------
CLUSTERING COMPARISON
--------------------------------------------------------------------------------
Metric                                           Hamming     Levenshtein
--------------------------------------------------------------------------------
Spatial clusters (same for both)                     271             271
Final clusters                                       525             454
Noise points                                        1904            1904
--------------------------------------------------------------------------------

Cluster assignment agreement: 1907/2513 (75.89%)
Disagreements: 606 (24.11%)
  INS disagreements: 494
  Other disagreements: 112

INS with sequences: 1641
INS agreement: 1147/1641 (69.90%)
INS clusters (Hamming): 449
INS clusters (Levenshtein): 378

--------------------------------------------------------------------------------
PERFORMANCE
--------------------------------------------------------------------------------
Stage                                            Hamming     Levenshtein
--------------------------------------------------------------------------------
Spatial clustering (s)                              0.02            0.02
Sequence re-clustering (s)                          0.04          731.72
Total time (s)                                      0.05          731.73
--------------------------------------------------------------------------------

Generating plots...
  ✓ Saved: clustering_comparison_NA12877_NA12885_cluster_comparison.png
  ✓ Saved: clustering_comparison_NA12877_NA12885_agreement.png
  ✓ Saved: clustering_comparison_NA12877_NA12885_timing.png

================================================================================
DATABASE 6/21: NA12877_NA12886
================================================================================
Loading variants from chromosome 1...
  Total variants: 2529
  Variant types:
    DEL: 865
    INS: 1660
    INV: 4
  INS with sequences: 1660

────────────────────────────────────────────────────────────────────────────────
HAMMING DISTANCE CLUSTERING
────────────────────────────────────────────────────────────────────────────────

  Stage 1: Spatial clustering with DBSCAN...
    Spatial clusters: 283
    Spatial noise: 1894
    Time: 0.02s
  Stage 2: Re-clustering INS with hamming (threshold=0.2)...
    Final clusters: 551
    Final noise: 1894
    Time: 0.04s

────────────────────────────────────────────────────────────────────────────────
LEVENSHTEIN DISTANCE CLUSTERING
────────────────────────────────────────────────────────────────────────────────

  Stage 1: Spatial clustering with DBSCAN...
    Spatial clusters: 283
    Spatial noise: 1894
    Time: 0.02s
  Stage 2: Re-clustering INS with levenshtein (threshold=0.2)...
    Final clusters: 485
    Final noise: 1894
    Time: 708.61s

--------------------------------------------------------------------------------
CLUSTERING COMPARISON
--------------------------------------------------------------------------------
Metric                                           Hamming     Levenshtein
--------------------------------------------------------------------------------
Spatial clusters (same for both)                     283             283
Final clusters                                       551             485
Noise points                                        1894            1894
--------------------------------------------------------------------------------

Cluster assignment agreement: 1897/2529 (75.01%)
Disagreements: 632 (24.99%)
  INS disagreements: 516
  Other disagreements: 116

INS with sequences: 1660
INS agreement: 1144/1660 (68.92%)
INS clusters (Hamming): 471
INS clusters (Levenshtein): 405

--------------------------------------------------------------------------------
PERFORMANCE
--------------------------------------------------------------------------------
Stage                                            Hamming     Levenshtein
--------------------------------------------------------------------------------
Spatial clustering (s)                              0.02            0.02
Sequence re-clustering (s)                          0.04          708.61
Total time (s)                                      0.05          708.62
--------------------------------------------------------------------------------

Generating plots...
  ✓ Saved: clustering_comparison_NA12877_NA12886_cluster_comparison.png
  ✓ Saved: clustering_comparison_NA12877_NA12886_agreement.png
  ✓ Saved: clustering_comparison_NA12877_NA12886_timing.png

================================================================================
DATABASE 7/21: NA12878_NA12879
================================================================================
Loading variants from chromosome 1...
  Total variants: 2541
  Variant types:
    DEL: 901
    INS: 1632
    INV: 8
  INS with sequences: 1632

────────────────────────────────────────────────────────────────────────────────
HAMMING DISTANCE CLUSTERING
────────────────────────────────────────────────────────────────────────────────

  Stage 1: Spatial clustering with DBSCAN...
    Spatial clusters: 282
    Spatial noise: 1913
    Time: 0.02s
  Stage 2: Re-clustering INS with hamming (threshold=0.2)...
    Final clusters: 536
    Final noise: 1913
    Time: 0.04s

────────────────────────────────────────────────────────────────────────────────
LEVENSHTEIN DISTANCE CLUSTERING
────────────────────────────────────────────────────────────────────────────────

  Stage 1: Spatial clustering with DBSCAN...
    Spatial clusters: 282
    Spatial noise: 1913
    Time: 0.02s
  Stage 2: Re-clustering INS with levenshtein (threshold=0.2)...
    Final clusters: 469
    Final noise: 1913
    Time: 776.52s

--------------------------------------------------------------------------------
CLUSTERING COMPARISON
--------------------------------------------------------------------------------
Metric                                           Hamming     Levenshtein
--------------------------------------------------------------------------------
Spatial clusters (same for both)                     282             282
Final clusters                                       536             469
Noise points                                        1913            1913
--------------------------------------------------------------------------------

Cluster assignment agreement: 1915/2541 (75.36%)
Disagreements: 626 (24.64%)
  INS disagreements: 502
  Other disagreements: 124

INS with sequences: 1632
INS agreement: 1130/1632 (69.24%)
INS clusters (Hamming): 454
INS clusters (Levenshtein): 387

--------------------------------------------------------------------------------
PERFORMANCE
--------------------------------------------------------------------------------
Stage                                            Hamming     Levenshtein
--------------------------------------------------------------------------------
Spatial clustering (s)                              0.02            0.02
Sequence re-clustering (s)                          0.04          776.52
Total time (s)                                      0.05          776.54
--------------------------------------------------------------------------------

Generating plots...
  ✓ Saved: clustering_comparison_NA12878_NA12879_cluster_comparison.png
  ✓ Saved: clustering_comparison_NA12878_NA12879_agreement.png
  ✓ Saved: clustering_comparison_NA12878_NA12879_timing.png

================================================================================
DATABASE 8/21: NA12878_NA12881
================================================================================
Loading variants from chromosome 1...
  Total variants: 2513
  Variant types:
    DEL: 881
    INS: 1626
    INV: 6
  INS with sequences: 1626

────────────────────────────────────────────────────────────────────────────────
HAMMING DISTANCE CLUSTERING
────────────────────────────────────────────────────────────────────────────────

  Stage 1: Spatial clustering with DBSCAN...
    Spatial clusters: 274
    Spatial noise: 1897
    Time: 0.02s
  Stage 2: Re-clustering INS with hamming (threshold=0.2)...
    Final clusters: 533
    Final noise: 1897
    Time: 0.04s

────────────────────────────────────────────────────────────────────────────────
LEVENSHTEIN DISTANCE CLUSTERING
────────────────────────────────────────────────────────────────────────────────

  Stage 1: Spatial clustering with DBSCAN...
    Spatial clusters: 274
    Spatial noise: 1897
    Time: 0.02s
  Stage 2: Re-clustering INS with levenshtein (threshold=0.2)...
    Final clusters: 463
    Final noise: 1897
    Time: 872.20s

--------------------------------------------------------------------------------
CLUSTERING COMPARISON
--------------------------------------------------------------------------------
Metric                                           Hamming     Levenshtein
--------------------------------------------------------------------------------
Spatial clusters (same for both)                     274             274
Final clusters                                       533             463
Noise points                                        1897            1897
--------------------------------------------------------------------------------

Cluster assignment agreement: 1899/2513 (75.57%)
Disagreements: 614 (24.43%)
  INS disagreements: 497
  Other disagreements: 117

INS with sequences: 1626
INS agreement: 1129/1626 (69.43%)
INS clusters (Hamming): 454
INS clusters (Levenshtein): 384

--------------------------------------------------------------------------------
PERFORMANCE
--------------------------------------------------------------------------------
Stage                                            Hamming     Levenshtein
--------------------------------------------------------------------------------
Spatial clustering (s)                              0.02            0.02
Sequence re-clustering (s)                          0.04          872.20
Total time (s)                                      0.05          872.22
--------------------------------------------------------------------------------

Generating plots...
  ✓ Saved: clustering_comparison_NA12878_NA12881_cluster_comparison.png
  ✓ Saved: clustering_comparison_NA12878_NA12881_agreement.png
  ✓ Saved: clustering_comparison_NA12878_NA12881_timing.png

================================================================================
DATABASE 9/21: NA12878_NA12882
================================================================================
Loading variants from chromosome 1...
  Total variants: 2551
  Variant types:
    DEL: 906
    INS: 1639
    INV: 6
  INS with sequences: 1639

────────────────────────────────────────────────────────────────────────────────
HAMMING DISTANCE CLUSTERING
────────────────────────────────────────────────────────────────────────────────

  Stage 1: Spatial clustering with DBSCAN...
    Spatial clusters: 289
    Spatial noise: 1905
    Time: 0.02s
  Stage 2: Re-clustering INS with hamming (threshold=0.2)...
    Final clusters: 550
    Final noise: 1905
    Time: 0.04s

────────────────────────────────────────────────────────────────────────────────
LEVENSHTEIN DISTANCE CLUSTERING
────────────────────────────────────────────────────────────────────────────────

  Stage 1: Spatial clustering with DBSCAN...
    Spatial clusters: 289
    Spatial noise: 1905
    Time: 0.02s
  Stage 2: Re-clustering INS with levenshtein (threshold=0.2)...
    Final clusters: 483
    Final noise: 1905
    Time: 732.25s

--------------------------------------------------------------------------------
CLUSTERING COMPARISON
--------------------------------------------------------------------------------
Metric                                           Hamming     Levenshtein
--------------------------------------------------------------------------------
Spatial clusters (same for both)                     289             289
Final clusters                                       550             483
Noise points                                        1905            1905
--------------------------------------------------------------------------------

Cluster assignment agreement: 1907/2551 (74.75%)
Disagreements: 644 (25.25%)
  INS disagreements: 511
  Other disagreements: 133

INS with sequences: 1639
INS agreement: 1128/1639 (68.82%)
INS clusters (Hamming): 464
INS clusters (Levenshtein): 397

--------------------------------------------------------------------------------
PERFORMANCE
--------------------------------------------------------------------------------
Stage                                            Hamming     Levenshtein
--------------------------------------------------------------------------------
Spatial clustering (s)                              0.02            0.02
Sequence re-clustering (s)                          0.04          732.25
Total time (s)                                      0.05          732.27
--------------------------------------------------------------------------------

Generating plots...
  ✓ Saved: clustering_comparison_NA12878_NA12882_cluster_comparison.png
  ✓ Saved: clustering_comparison_NA12878_NA12882_agreement.png
  ✓ Saved: clustering_comparison_NA12878_NA12882_timing.png

================================================================================
DATABASE 10/21: NA12878_NA12885
================================================================================
Loading variants from chromosome 1...
  Total variants: 2509
  Variant types:
    DEL: 894
    INS: 1609
    INV: 6
  INS with sequences: 1609

────────────────────────────────────────────────────────────────────────────────
HAMMING DISTANCE CLUSTERING
────────────────────────────────────────────────────────────────────────────────

  Stage 1: Spatial clustering with DBSCAN...
    Spatial clusters: 276
    Spatial noise: 1893
    Time: 0.02s
  Stage 2: Re-clustering INS with hamming (threshold=0.2)...
    Final clusters: 529
    Final noise: 1893
    Time: 0.03s

────────────────────────────────────────────────────────────────────────────────
LEVENSHTEIN DISTANCE CLUSTERING
────────────────────────────────────────────────────────────────────────────────

  Stage 1: Spatial clustering with DBSCAN...
    Spatial clusters: 276
    Spatial noise: 1893
    Time: 0.02s
  Stage 2: Re-clustering INS with levenshtein (threshold=0.2)...
    Final clusters: 459
    Final noise: 1893
    Time: 724.16s

--------------------------------------------------------------------------------
CLUSTERING COMPARISON
--------------------------------------------------------------------------------
Metric                                           Hamming     Levenshtein
--------------------------------------------------------------------------------
Spatial clusters (same for both)                     276             276
Final clusters                                       529             459
Noise points                                        1893            1893
--------------------------------------------------------------------------------

Cluster assignment agreement: 1895/2509 (75.53%)
Disagreements: 614 (24.47%)
  INS disagreements: 490
  Other disagreements: 124

INS with sequences: 1609
INS agreement: 1119/1609 (69.55%)
INS clusters (Hamming): 447
INS clusters (Levenshtein): 377

--------------------------------------------------------------------------------
PERFORMANCE
--------------------------------------------------------------------------------
Stage                                            Hamming     Levenshtein
--------------------------------------------------------------------------------
Spatial clustering (s)                              0.02            0.02
Sequence re-clustering (s)                          0.03          724.16
Total time (s)                                      0.05          724.18
--------------------------------------------------------------------------------

Generating plots...
  ✓ Saved: clustering_comparison_NA12878_NA12885_cluster_comparison.png
  ✓ Saved: clustering_comparison_NA12878_NA12885_agreement.png
  ✓ Saved: clustering_comparison_NA12878_NA12885_timing.png

================================================================================
DATABASE 11/21: NA12878_NA12886
================================================================================
Loading variants from chromosome 1...
  Total variants: 2525
  Variant types:
    DEL: 891
    INS: 1628
    INV: 6
  INS with sequences: 1628

────────────────────────────────────────────────────────────────────────────────
HAMMING DISTANCE CLUSTERING
────────────────────────────────────────────────────────────────────────────────

  Stage 1: Spatial clustering with DBSCAN...
    Spatial clusters: 288
    Spatial noise: 1883
    Time: 0.02s
  Stage 2: Re-clustering INS with hamming (threshold=0.2)...
    Final clusters: 555
    Final noise: 1883
    Time: 0.04s

────────────────────────────────────────────────────────────────────────────────
LEVENSHTEIN DISTANCE CLUSTERING
────────────────────────────────────────────────────────────────────────────────

  Stage 1: Spatial clustering with DBSCAN...
    Spatial clusters: 288
    Spatial noise: 1883
    Time: 0.02s
  Stage 2: Re-clustering INS with levenshtein (threshold=0.2)...
    Final clusters: 490
    Final noise: 1883
    Time: 702.72s

--------------------------------------------------------------------------------
CLUSTERING COMPARISON
--------------------------------------------------------------------------------
Metric                                           Hamming     Levenshtein
--------------------------------------------------------------------------------
Spatial clusters (same for both)                     288             288
Final clusters                                       555             490
Noise points                                        1883            1883
--------------------------------------------------------------------------------

Cluster assignment agreement: 1885/2525 (74.65%)
Disagreements: 640 (25.35%)
  INS disagreements: 512
  Other disagreements: 128

INS with sequences: 1628
INS agreement: 1116/1628 (68.55%)
INS clusters (Hamming): 469
INS clusters (Levenshtein): 404

--------------------------------------------------------------------------------
PERFORMANCE
--------------------------------------------------------------------------------
Stage                                            Hamming     Levenshtein
--------------------------------------------------------------------------------
Spatial clustering (s)                              0.02            0.02
Sequence re-clustering (s)                          0.04          702.72
Total time (s)                                      0.05          702.74
--------------------------------------------------------------------------------

Generating plots...
  ✓ Saved: clustering_comparison_NA12878_NA12886_cluster_comparison.png
  ✓ Saved: clustering_comparison_NA12878_NA12886_agreement.png
  ✓ Saved: clustering_comparison_NA12878_NA12886_timing.png

================================================================================
DATABASE 12/21: NA12879_NA12881
================================================================================
Loading variants from chromosome 1...
  Total variants: 2548
  Variant types:
    DEL: 882
    INS: 1660
    INV: 6
  INS with sequences: 1660

────────────────────────────────────────────────────────────────────────────────
HAMMING DISTANCE CLUSTERING
────────────────────────────────────────────────────────────────────────────────

  Stage 1: Spatial clustering with DBSCAN...
    Spatial clusters: 282
    Spatial noise: 1918
    Time: 0.02s
  Stage 2: Re-clustering INS with hamming (threshold=0.2)...
    Final clusters: 543
    Final noise: 1918
    Time: 0.05s

────────────────────────────────────────────────────────────────────────────────
LEVENSHTEIN DISTANCE CLUSTERING
────────────────────────────────────────────────────────────────────────────────

  Stage 1: Spatial clustering with DBSCAN...
    Spatial clusters: 282
    Spatial noise: 1918
    Time: 0.02s
  Stage 2: Re-clustering INS with levenshtein (threshold=0.2)...
    Final clusters: 468
    Final noise: 1918
    Time: 1020.65s

--------------------------------------------------------------------------------
CLUSTERING COMPARISON
--------------------------------------------------------------------------------
Metric                                           Hamming     Levenshtein
--------------------------------------------------------------------------------
Spatial clusters (same for both)                     282             282
Final clusters                                       543             468
Noise points                                        1918            1918
--------------------------------------------------------------------------------

Cluster assignment agreement: 1920/2548 (75.35%)
Disagreements: 628 (24.65%)
  INS disagreements: 515
  Other disagreements: 113

INS with sequences: 1660
INS agreement: 1145/1660 (68.98%)
INS clusters (Hamming): 466
INS clusters (Levenshtein): 391

--------------------------------------------------------------------------------
PERFORMANCE
--------------------------------------------------------------------------------
Stage                                            Hamming     Levenshtein
--------------------------------------------------------------------------------
Spatial clustering (s)                              0.02            0.02
Sequence re-clustering (s)                          0.05         1020.65
Total time (s)                                      0.08         1020.68
--------------------------------------------------------------------------------

Generating plots...
  ✓ Saved: clustering_comparison_NA12879_NA12881_cluster_comparison.png
  ✓ Saved: clustering_comparison_NA12879_NA12881_agreement.png
  ✓ Saved: clustering_comparison_NA12879_NA12881_timing.png

================================================================================
DATABASE 13/21: NA12879_NA12882
================================================================================
Loading variants from chromosome 1...
  Total variants: 2586
  Variant types:
    DEL: 907
    INS: 1673
    INV: 6
  INS with sequences: 1673

────────────────────────────────────────────────────────────────────────────────
HAMMING DISTANCE CLUSTERING
────────────────────────────────────────────────────────────────────────────────

  Stage 1: Spatial clustering with DBSCAN...
    Spatial clusters: 297
    Spatial noise: 1926
    Time: 0.02s
  Stage 2: Re-clustering INS with hamming (threshold=0.2)...
    Final clusters: 560
    Final noise: 1926
    Time: 0.04s

────────────────────────────────────────────────────────────────────────────────
LEVENSHTEIN DISTANCE CLUSTERING
────────────────────────────────────────────────────────────────────────────────

  Stage 1: Spatial clustering with DBSCAN...
    Spatial clusters: 297
    Spatial noise: 1926
    Time: 0.02s
  Stage 2: Re-clustering INS with levenshtein (threshold=0.2)...
    Final clusters: 488
    Final noise: 1926
    Time: 881.37s

--------------------------------------------------------------------------------
CLUSTERING COMPARISON
--------------------------------------------------------------------------------
Metric                                           Hamming     Levenshtein
--------------------------------------------------------------------------------
Spatial clusters (same for both)                     297             297
Final clusters                                       560             488
Noise points                                        1926            1926
--------------------------------------------------------------------------------

Cluster assignment agreement: 1928/2586 (74.56%)
Disagreements: 658 (25.44%)
  INS disagreements: 529
  Other disagreements: 129

INS with sequences: 1673
INS agreement: 1144/1673 (68.38%)
INS clusters (Hamming): 476
INS clusters (Levenshtein): 404

--------------------------------------------------------------------------------
PERFORMANCE
--------------------------------------------------------------------------------
Stage                                            Hamming     Levenshtein
--------------------------------------------------------------------------------
Spatial clustering (s)                              0.02            0.02
Sequence re-clustering (s)                          0.04          881.37
Total time (s)                                      0.06          881.39
--------------------------------------------------------------------------------

Generating plots...
  ✓ Saved: clustering_comparison_NA12879_NA12882_cluster_comparison.png
  ✓ Saved: clustering_comparison_NA12879_NA12882_agreement.png
  ✓ Saved: clustering_comparison_NA12879_NA12882_timing.png

================================================================================
DATABASE 14/21: NA12879_NA12885
================================================================================
Loading variants from chromosome 1...
  Total variants: 2544
  Variant types:
    DEL: 895
    INS: 1643
    INV: 6
  INS with sequences: 1643

────────────────────────────────────────────────────────────────────────────────
HAMMING DISTANCE CLUSTERING
────────────────────────────────────────────────────────────────────────────────

  Stage 1: Spatial clustering with DBSCAN...
    Spatial clusters: 284
    Spatial noise: 1914
    Time: 0.02s
  Stage 2: Re-clustering INS with hamming (threshold=0.2)...
    Final clusters: 539
    Final noise: 1914
    Time: 0.04s

────────────────────────────────────────────────────────────────────────────────
LEVENSHTEIN DISTANCE CLUSTERING
────────────────────────────────────────────────────────────────────────────────

  Stage 1: Spatial clustering with DBSCAN...
    Spatial clusters: 284
    Spatial noise: 1914
    Time: 0.02s
  Stage 2: Re-clustering INS with levenshtein (threshold=0.2)...
    Final clusters: 464
    Final noise: 1914
    Time: 873.33s

--------------------------------------------------------------------------------
CLUSTERING COMPARISON
--------------------------------------------------------------------------------
Metric                                           Hamming     Levenshtein
--------------------------------------------------------------------------------
Spatial clusters (same for both)                     284             284
Final clusters                                       539             464
Noise points                                        1914            1914
--------------------------------------------------------------------------------

Cluster assignment agreement: 1916/2544 (75.31%)
Disagreements: 628 (24.69%)
  INS disagreements: 508
  Other disagreements: 120

INS with sequences: 1643
INS agreement: 1135/1643 (69.08%)
INS clusters (Hamming): 459
INS clusters (Levenshtein): 384

--------------------------------------------------------------------------------
PERFORMANCE
--------------------------------------------------------------------------------
Stage                                            Hamming     Levenshtein
--------------------------------------------------------------------------------
Spatial clustering (s)                              0.02            0.02
Sequence re-clustering (s)                          0.04          873.33
Total time (s)                                      0.06          873.35
--------------------------------------------------------------------------------

Generating plots...
  ✓ Saved: clustering_comparison_NA12879_NA12885_cluster_comparison.png
  ✓ Saved: clustering_comparison_NA12879_NA12885_agreement.png
  ✓ Saved: clustering_comparison_NA12879_NA12885_timing.png

================================================================================
DATABASE 15/21: NA12879_NA12886
================================================================================
Loading variants from chromosome 1...
  Total variants: 2560
  Variant types:
    DEL: 892
    INS: 1662
    INV: 6
  INS with sequences: 1662

────────────────────────────────────────────────────────────────────────────────
HAMMING DISTANCE CLUSTERING
────────────────────────────────────────────────────────────────────────────────

  Stage 1: Spatial clustering with DBSCAN...
    Spatial clusters: 296
    Spatial noise: 1904
    Time: 0.02s
  Stage 2: Re-clustering INS with hamming (threshold=0.2)...
    Final clusters: 565
    Final noise: 1904
    Time: 0.04s

────────────────────────────────────────────────────────────────────────────────
LEVENSHTEIN DISTANCE CLUSTERING
────────────────────────────────────────────────────────────────────────────────

  Stage 1: Spatial clustering with DBSCAN...
    Spatial clusters: 296
    Spatial noise: 1904
    Time: 0.02s
  Stage 2: Re-clustering INS with levenshtein (threshold=0.2)...
    Final clusters: 495
    Final noise: 1904
    Time: 849.04s

--------------------------------------------------------------------------------
CLUSTERING COMPARISON
--------------------------------------------------------------------------------
Metric                                           Hamming     Levenshtein
--------------------------------------------------------------------------------
Spatial clusters (same for both)                     296             296
Final clusters                                       565             495
Noise points                                        1904            1904
--------------------------------------------------------------------------------

Cluster assignment agreement: 1906/2560 (74.45%)
Disagreements: 654 (25.55%)
  INS disagreements: 530
  Other disagreements: 124

INS with sequences: 1662
INS agreement: 1132/1662 (68.11%)
INS clusters (Hamming): 481
INS clusters (Levenshtein): 411

--------------------------------------------------------------------------------
PERFORMANCE
--------------------------------------------------------------------------------
Stage                                            Hamming     Levenshtein
--------------------------------------------------------------------------------
Spatial clustering (s)                              0.02            0.02
Sequence re-clustering (s)                          0.04          849.04
Total time (s)                                      0.06          849.06
--------------------------------------------------------------------------------

Generating plots...
  ✓ Saved: clustering_comparison_NA12879_NA12886_cluster_comparison.png
  ✓ Saved: clustering_comparison_NA12879_NA12886_agreement.png
  ✓ Saved: clustering_comparison_NA12879_NA12886_timing.png

================================================================================
DATABASE 16/21: NA12881_NA12882
================================================================================
Loading variants from chromosome 1...
  Total variants: 2558
  Variant types:
    DEL: 887
    INS: 1667
    INV: 4
  INS with sequences: 1667

────────────────────────────────────────────────────────────────────────────────
HAMMING DISTANCE CLUSTERING
────────────────────────────────────────────────────────────────────────────────

  Stage 1: Spatial clustering with DBSCAN...
    Spatial clusters: 289
    Spatial noise: 1910
    Time: 0.02s
  Stage 2: Re-clustering INS with hamming (threshold=0.2)...
    Final clusters: 557
    Final noise: 1910
    Time: 0.04s

────────────────────────────────────────────────────────────────────────────────
LEVENSHTEIN DISTANCE CLUSTERING
────────────────────────────────────────────────────────────────────────────────

  Stage 1: Spatial clustering with DBSCAN...
    Spatial clusters: 289
    Spatial noise: 1910
    Time: 0.02s
  Stage 2: Re-clustering INS with levenshtein (threshold=0.2)...
    Final clusters: 482
    Final noise: 1910
    Time: 977.45s

--------------------------------------------------------------------------------
CLUSTERING COMPARISON
--------------------------------------------------------------------------------
Metric                                           Hamming     Levenshtein
--------------------------------------------------------------------------------
Spatial clusters (same for both)                     289             289
Final clusters                                       557             482
Noise points                                        1910            1910
--------------------------------------------------------------------------------

Cluster assignment agreement: 1914/2558 (74.82%)
Disagreements: 644 (25.18%)
  INS disagreements: 523
  Other disagreements: 121

INS with sequences: 1667
INS agreement: 1144/1667 (68.63%)
INS clusters (Hamming): 476
INS clusters (Levenshtein): 401

--------------------------------------------------------------------------------
PERFORMANCE
--------------------------------------------------------------------------------
Stage                                            Hamming     Levenshtein
--------------------------------------------------------------------------------
Spatial clustering (s)                              0.02            0.02
Sequence re-clustering (s)                          0.04          977.45
Total time (s)                                      0.06          977.47
--------------------------------------------------------------------------------

Generating plots...
  ✓ Saved: clustering_comparison_NA12881_NA12882_cluster_comparison.png
  ✓ Saved: clustering_comparison_NA12881_NA12882_agreement.png
  ✓ Saved: clustering_comparison_NA12881_NA12882_timing.png

================================================================================
DATABASE 17/21: NA12881_NA12885
================================================================================
Loading variants from chromosome 1...
  Total variants: 2516
  Variant types:
    DEL: 875
    INS: 1637
    INV: 4
  INS with sequences: 1637

────────────────────────────────────────────────────────────────────────────────
HAMMING DISTANCE CLUSTERING
────────────────────────────────────────────────────────────────────────────────

  Stage 1: Spatial clustering with DBSCAN...
    Spatial clusters: 276
    Spatial noise: 1898
    Time: 0.02s
  Stage 2: Re-clustering INS with hamming (threshold=0.2)...
    Final clusters: 536
    Final noise: 1898
    Time: 0.05s

────────────────────────────────────────────────────────────────────────────────
LEVENSHTEIN DISTANCE CLUSTERING
────────────────────────────────────────────────────────────────────────────────

  Stage 1: Spatial clustering with DBSCAN...
    Spatial clusters: 276
    Spatial noise: 1898
    Time: 0.02s
  Stage 2: Re-clustering INS with levenshtein (threshold=0.2)...
    Final clusters: 458
    Final noise: 1898
    Time: 968.92s

--------------------------------------------------------------------------------
CLUSTERING COMPARISON
--------------------------------------------------------------------------------
Metric                                           Hamming     Levenshtein
--------------------------------------------------------------------------------
Spatial clusters (same for both)                     276             276
Final clusters                                       536             458
Noise points                                        1898            1898
--------------------------------------------------------------------------------

Cluster assignment agreement: 1902/2516 (75.60%)
Disagreements: 614 (24.40%)
  INS disagreements: 502
  Other disagreements: 112

INS with sequences: 1637
INS agreement: 1135/1637 (69.33%)
INS clusters (Hamming): 459
INS clusters (Levenshtein): 381

--------------------------------------------------------------------------------
PERFORMANCE
--------------------------------------------------------------------------------
Stage                                            Hamming     Levenshtein
--------------------------------------------------------------------------------
Spatial clustering (s)                              0.02            0.02
Sequence re-clustering (s)                          0.05          968.92
Total time (s)                                      0.07          968.94
--------------------------------------------------------------------------------

Generating plots...
  ✓ Saved: clustering_comparison_NA12881_NA12885_cluster_comparison.png
  ✓ Saved: clustering_comparison_NA12881_NA12885_agreement.png
  ✓ Saved: clustering_comparison_NA12881_NA12885_timing.png

================================================================================
DATABASE 18/21: NA12881_NA12886
================================================================================
Loading variants from chromosome 1...
  Total variants: 2532
  Variant types:
    DEL: 872
    INS: 1656
    INV: 4
  INS with sequences: 1656

────────────────────────────────────────────────────────────────────────────────
HAMMING DISTANCE CLUSTERING
────────────────────────────────────────────────────────────────────────────────

  Stage 1: Spatial clustering with DBSCAN...
    Spatial clusters: 288
    Spatial noise: 1888
    Time: 0.02s
  Stage 2: Re-clustering INS with hamming (threshold=0.2)...
    Final clusters: 562
    Final noise: 1888
    Time: 0.04s

────────────────────────────────────────────────────────────────────────────────
LEVENSHTEIN DISTANCE CLUSTERING
────────────────────────────────────────────────────────────────────────────────

  Stage 1: Spatial clustering with DBSCAN...
    Spatial clusters: 288
    Spatial noise: 1888
    Time: 0.02s
  Stage 2: Re-clustering INS with levenshtein (threshold=0.2)...
    Final clusters: 489
    Final noise: 1888
    Time: 946.31s

--------------------------------------------------------------------------------
CLUSTERING COMPARISON
--------------------------------------------------------------------------------
Metric                                           Hamming     Levenshtein
--------------------------------------------------------------------------------
Spatial clusters (same for both)                     288             288
Final clusters                                       562             489
Noise points                                        1888            1888
--------------------------------------------------------------------------------

Cluster assignment agreement: 1892/2532 (74.72%)
Disagreements: 640 (25.28%)
  INS disagreements: 524
  Other disagreements: 116

INS with sequences: 1656
INS agreement: 1132/1656 (68.36%)
INS clusters (Hamming): 481
INS clusters (Levenshtein): 408

--------------------------------------------------------------------------------
PERFORMANCE
--------------------------------------------------------------------------------
Stage                                            Hamming     Levenshtein
--------------------------------------------------------------------------------
Spatial clustering (s)                              0.02            0.02
Sequence re-clustering (s)                          0.04          946.31
Total time (s)                                      0.05          946.32
--------------------------------------------------------------------------------

Generating plots...
  ✓ Saved: clustering_comparison_NA12881_NA12886_cluster_comparison.png
  ✓ Saved: clustering_comparison_NA12881_NA12886_agreement.png
  ✓ Saved: clustering_comparison_NA12881_NA12886_timing.png

================================================================================
DATABASE 19/21: NA12882_NA12885
================================================================================
Loading variants from chromosome 1...
  Total variants: 2554
  Variant types:
    DEL: 900
    INS: 1650
    INV: 4
  INS with sequences: 1650

────────────────────────────────────────────────────────────────────────────────
HAMMING DISTANCE CLUSTERING
────────────────────────────────────────────────────────────────────────────────

  Stage 1: Spatial clustering with DBSCAN...
    Spatial clusters: 291
    Spatial noise: 1906
    Time: 0.02s
  Stage 2: Re-clustering INS with hamming (threshold=0.2)...
    Final clusters: 553
    Final noise: 1906
    Time: 0.04s

────────────────────────────────────────────────────────────────────────────────
LEVENSHTEIN DISTANCE CLUSTERING
────────────────────────────────────────────────────────────────────────────────

  Stage 1: Spatial clustering with DBSCAN...
    Spatial clusters: 291
    Spatial noise: 1906
    Time: 0.02s
  Stage 2: Re-clustering INS with levenshtein (threshold=0.2)...
    Final clusters: 478
    Final noise: 1906
    Time: 829.17s

--------------------------------------------------------------------------------
CLUSTERING COMPARISON
--------------------------------------------------------------------------------
Metric                                           Hamming     Levenshtein
--------------------------------------------------------------------------------
Spatial clusters (same for both)                     291             291
Final clusters                                       553             478
Noise points                                        1906            1906
--------------------------------------------------------------------------------

Cluster assignment agreement: 1909/2554 (74.75%)
Disagreements: 645 (25.25%)
  INS disagreements: 516
  Other disagreements: 129

INS with sequences: 1650
INS agreement: 1134/1650 (68.73%)
INS clusters (Hamming): 469
INS clusters (Levenshtein): 394

--------------------------------------------------------------------------------
PERFORMANCE
--------------------------------------------------------------------------------
Stage                                            Hamming     Levenshtein
--------------------------------------------------------------------------------
Spatial clustering (s)                              0.02            0.02
Sequence re-clustering (s)                          0.04          829.17
Total time (s)                                      0.05          829.18
--------------------------------------------------------------------------------

Generating plots...
  ✓ Saved: clustering_comparison_NA12882_NA12885_cluster_comparison.png
  ✓ Saved: clustering_comparison_NA12882_NA12885_agreement.png
  ✓ Saved: clustering_comparison_NA12882_NA12885_timing.png

================================================================================
DATABASE 20/21: NA12882_NA12886
================================================================================
Loading variants from chromosome 1...
  Total variants: 2570
  Variant types:
    DEL: 897
    INS: 1669
    INV: 4
  INS with sequences: 1669

────────────────────────────────────────────────────────────────────────────────
HAMMING DISTANCE CLUSTERING
────────────────────────────────────────────────────────────────────────────────

  Stage 1: Spatial clustering with DBSCAN...
    Spatial clusters: 303
    Spatial noise: 1896
    Time: 0.02s
  Stage 2: Re-clustering INS with hamming (threshold=0.2)...
    Final clusters: 579
    Final noise: 1896
    Time: 0.04s

────────────────────────────────────────────────────────────────────────────────
LEVENSHTEIN DISTANCE CLUSTERING
────────────────────────────────────────────────────────────────────────────────

  Stage 1: Spatial clustering with DBSCAN...
    Spatial clusters: 303
    Spatial noise: 1896
    Time: 0.02s
  Stage 2: Re-clustering INS with levenshtein (threshold=0.2)...
    Final clusters: 509
    Final noise: 1896
    Time: 806.58s

--------------------------------------------------------------------------------
CLUSTERING COMPARISON
--------------------------------------------------------------------------------
Metric                                           Hamming     Levenshtein
--------------------------------------------------------------------------------
Spatial clusters (same for both)                     303             303
Final clusters                                       579             509
Noise points                                        1896            1896
--------------------------------------------------------------------------------

Cluster assignment agreement: 1899/2570 (73.89%)
Disagreements: 671 (26.11%)
  INS disagreements: 538
  Other disagreements: 133

INS with sequences: 1669
INS agreement: 1131/1669 (67.77%)
INS clusters (Hamming): 491
INS clusters (Levenshtein): 421

--------------------------------------------------------------------------------
PERFORMANCE
--------------------------------------------------------------------------------
Stage                                            Hamming     Levenshtein
--------------------------------------------------------------------------------
Spatial clustering (s)                              0.02            0.02
Sequence re-clustering (s)                          0.04          806.58
Total time (s)                                      0.05          806.60
--------------------------------------------------------------------------------

Generating plots...
  ✓ Saved: clustering_comparison_NA12882_NA12886_cluster_comparison.png
  ✓ Saved: clustering_comparison_NA12882_NA12886_agreement.png
  ✓ Saved: clustering_comparison_NA12882_NA12886_timing.png

================================================================================
DATABASE 21/21: NA12885_NA12886
================================================================================
Loading variants from chromosome 1...
  Total variants: 2528
  Variant types:
    DEL: 885
    INS: 1639
    INV: 4
  INS with sequences: 1639

────────────────────────────────────────────────────────────────────────────────
HAMMING DISTANCE CLUSTERING
────────────────────────────────────────────────────────────────────────────────

  Stage 1: Spatial clustering with DBSCAN...
    Spatial clusters: 290
    Spatial noise: 1884
    Time: 0.02s
  Stage 2: Re-clustering INS with hamming (threshold=0.2)...
    Final clusters: 558
    Final noise: 1884
    Time: 0.04s

────────────────────────────────────────────────────────────────────────────────
LEVENSHTEIN DISTANCE CLUSTERING
────────────────────────────────────────────────────────────────────────────────

  Stage 1: Spatial clustering with DBSCAN...
    Spatial clusters: 290
    Spatial noise: 1884
    Time: 0.02s
  Stage 2: Re-clustering INS with levenshtein (threshold=0.2)...
    Final clusters: 485
    Final noise: 1884
    Time: 799.45s

--------------------------------------------------------------------------------
CLUSTERING COMPARISON
--------------------------------------------------------------------------------
Metric                                           Hamming     Levenshtein
--------------------------------------------------------------------------------
Spatial clusters (same for both)                     290             290
Final clusters                                       558             485
Noise points                                        1884            1884
--------------------------------------------------------------------------------

Cluster assignment agreement: 1888/2528 (74.68%)
Disagreements: 640 (25.32%)
  INS disagreements: 516
  Other disagreements: 124

INS with sequences: 1639
INS agreement: 1123/1639 (68.52%)
INS clusters (Hamming): 474
INS clusters (Levenshtein): 401

--------------------------------------------------------------------------------
PERFORMANCE
--------------------------------------------------------------------------------
Stage                                            Hamming     Levenshtein
--------------------------------------------------------------------------------
Spatial clustering (s)                              0.02            0.02
Sequence re-clustering (s)                          0.04          799.45
Total time (s)                                      0.05          799.47
--------------------------------------------------------------------------------

Generating plots...
  ✓ Saved: clustering_comparison_NA12885_NA12886_cluster_comparison.png
  ✓ Saved: clustering_comparison_NA12885_NA12886_agreement.png
  ✓ Saved: clustering_comparison_NA12885_NA12886_timing.png

================================================================================
SUMMARY ACROSS ALL DATABASES
================================================================================
Total databases analyzed: 21
Total variants: 53304
Total INS with sequences: 34614
Average overall agreement: 75.12%
Average INS agreement: 69.00%

--------------------------------------------------------------------------------
Database                           Variants          INS     Agreement %
--------------------------------------------------------------------------------
NA12877_NA12878                        2510         1630           75.94
NA12877_NA12879                        2545         1664           75.72
NA12877_NA12881                        2517         1658           75.92
NA12877_NA12882                        2555         1671           75.11
NA12877_NA12885                        2513         1641           75.89
NA12877_NA12886                        2529         1660           75.01
NA12878_NA12879                        2541         1632           75.36
NA12878_NA12881                        2513         1626           75.57
NA12878_NA12882                        2551         1639           74.75
NA12878_NA12885                        2509         1609           75.53
NA12878_NA12886                        2525         1628           74.65
NA12879_NA12881                        2548         1660           75.35
NA12879_NA12882                        2586         1673           74.56
NA12879_NA12885                        2544         1643           75.31
NA12879_NA12886                        2560         1662           74.45
NA12881_NA12882                        2558         1667           74.82
NA12881_NA12885                        2516         1637           75.60
NA12881_NA12886                        2532         1656           74.72
NA12882_NA12885                        2554         1650           74.75
NA12882_NA12886                        2570         1669           73.89
NA12885_NA12886                        2528         1639           74.68

================================================================================
ANALYSIS COMPLETE
================================================================================


==================================================
✓ Comparison completed successfully

Generated files:
  No plot files found

Job completed: Wed Feb 11 01:09:01 CET 2026
