Installing required Python packages...
Looking in links: /proj/sens2023005/nobackup/wharf/dimam/dimam-sens2023005/python_packages
Requirement already satisfied: numpy in /sw/comp/python/3.9.5/rackham/lib/python3.9/site-packages (1.20.3)
Requirement already satisfied: matplotlib in /sw/comp/python/3.9.5/rackham/lib/python3.9/site-packages (3.4.2)
Requirement already satisfied: psutil in /castor/project/home/dimam/.local/lib/python3.9/site-packages (7.1.3)
Requirement already satisfied: pyparsing>=2.2.1 in /sw/comp/python/3.9.5/rackham/lib/python3.9/site-packages (from matplotlib) (2.4.7)
Requirement already satisfied: python-dateutil>=2.7 in /sw/comp/python/3.9.5/rackham/lib/python3.9/site-packages (from matplotlib) (2.8.1)
Requirement already satisfied: kiwisolver>=1.0.1 in /sw/comp/python/3.9.5/rackham/lib/python3.9/site-packages (from matplotlib) (1.3.1)
Requirement already satisfied: pillow>=6.2.0 in /sw/comp/python/3.9.5/rackham/lib/python3.9/site-packages (from matplotlib) (8.2.0)
Requirement already satisfied: cycler>=0.10 in /sw/comp/python/3.9.5/rackham/lib/python3.9/site-packages (from matplotlib) (0.10.0)
Requirement already satisfied: six in /sw/comp/python/3.9.5/rackham/lib/python3.9/site-packages (from cycler>=0.10->matplotlib) (1.16.0)
✓ SVDB modules loaded
  ✓ NA12877_NA12878.db
  ✓ NA12877_NA12879.db
  ✓ NA12879_NA12881.db

========================================================================================================================
                                      SPATIAL vs LEVENSHTEIN CLUSTERING COMPARISON                                      
========================================================================================================================

Checking for database files:
  ✓ NA12877_NA12878.db
  ✓ NA12877_NA12879.db
  ✓ NA12879_NA12881.db

Algorithms to test: DBSCAN, OPTICS, INTERVAL_TREE
Modes: Spatial only, + Levenshtein
Running benchmarks...

================================================================================
Processing: NA12877_NA12878
================================================================================
Total variants: 2510
SV breakdown: {'DEL': 874, 'INS': 1630, 'INV': 6}

DBSCAN:
  Running spatial-only clustering... ✓ (Clustered: 607/2510, Ratio: 24.18%, Clusters: 269)
  Running with Levenshtein... ✓ (Clustered: 607/2510, Ratio: 24.18%, Clusters: 459)

OPTICS:
  Running spatial-only clustering... ✓ (Clustered: 105/2510, Ratio: 4.18%, Clusters: 45)
  Running with Levenshtein... ✓ (Clustered: 105/2510, Ratio: 4.18%, Clusters: 80)

INTERVAL_TREE:
  Running spatial-only clustering... ✓ (Clustered: 2510/2510, Ratio: 100.00%, Clusters: 1380)
  Running with Levenshtein... ✓ (Clustered: 2510/2510, Ratio: 100.00%, Clusters: 1594)

================================================================================
Processing: NA12877_NA12879
================================================================================
Total variants: 2545
SV breakdown: {'DEL': 875, 'INS': 1664, 'INV': 6}

DBSCAN:
  Running spatial-only clustering... ✓ (Clustered: 621/2545, Ratio: 24.40%, Clusters: 277)
  Running with Levenshtein... ✓ (Clustered: 621/2545, Ratio: 24.40%, Clusters: 464)

OPTICS:
  Running spatial-only clustering... ✓ (Clustered: 91/2545, Ratio: 3.58%, Clusters: 39)
  Running with Levenshtein... ✓ (Clustered: 91/2545, Ratio: 3.58%, Clusters: 68)

INTERVAL_TREE:
  Running spatial-only clustering... ✓ (Clustered: 2545/2545, Ratio: 100.00%, Clusters: 1270)
  Running with Levenshtein... ✓ (Clustered: 2545/2545, Ratio: 100.00%, Clusters: 1429)

================================================================================
Processing: NA12879_NA12881
================================================================================
Total variants: 2548
SV breakdown: {'DEL': 882, 'INS': 1660, 'INV': 6}

DBSCAN:
  Running spatial-only clustering... ✓ (Clustered: 630/2548, Ratio: 24.73%, Clusters: 282)
  Running with Levenshtein... ✓ (Clustered: 630/2548, Ratio: 24.73%, Clusters: 468)

OPTICS:
  Running spatial-only clustering... ✓ (Clustered: 120/2548, Ratio: 4.71%, Clusters: 50)
  Running with Levenshtein... ✓ (Clustered: 120/2548, Ratio: 4.71%, Clusters: 91)

INTERVAL_TREE:
  Running spatial-only clustering... ✓ (Clustered: 2548/2548, Ratio: 100.00%, Clusters: 1229)
  Running with Levenshtein... ✓ (Clustered: 2548/2548, Ratio: 100.00%, Clusters: 1378)
Generating plots...
  ✓ clustering_ratio_dbscan.png
  ✓ processing_time_dbscan.png
  ✓ clustering_ratio_optics.png
  ✓ processing_time_optics.png
  ✓ clustering_ratio_interval_tree.png
  ✓ processing_time_interval_tree.png
                                      SPATIAL vs LEVENSHTEIN CLUSTERING COMPARISON                                      

DBSCAN RESULTS:
Database                  Mode            Total SVs    Clustered    Unclustered  Ratio      Clusters   Time (s)    
NA12877_NA12878           Spatial only    2510         607          1903         24.18%      269        0.0326      
                          + Levenshtein   2510         607          1903         24.18%      459        659.8125    

NA12877_NA12879           Spatial only    2545         621          1924         24.40%      277        0.0169      
                          + Levenshtein   2545         621          1924         24.40%      464        771.5792    

NA12879_NA12881           Spatial only    2548         630          1918         24.73%      282        0.0170      
                          + Levenshtein   2548         630          1918         24.73%      468        1004.9246   


SV TYPE BREAKDOWN:
------------------------------------------------------------------------------------------------------------------------
NA12877_NA12878           DEL: 874, INS: 1630, INV: 6
NA12877_NA12879           DEL: 875, INS: 1664, INV: 6
NA12879_NA12881           DEL: 882, INS: 1660, INV: 6


OPTICS RESULTS:
Database                  Mode            Total SVs    Clustered    Unclustered  Ratio      Clusters   Time (s)    
NA12877_NA12878           Spatial only    2510         105          2405         4.18%      45         0.2665      
                          + Levenshtein   2510         105          2405         4.18%      80         71.2641     

NA12877_NA12879           Spatial only    2545         91           2454         3.58%      39         0.2593      
                          + Levenshtein   2545         91           2454         3.58%      68         201.2167    

NA12879_NA12881           Spatial only    2548         120          2428         4.71%      50         0.2609      
                          + Levenshtein   2548         120          2428         4.71%      91         182.0121    


SV TYPE BREAKDOWN:
------------------------------------------------------------------------------------------------------------------------
NA12877_NA12878           DEL: 874, INS: 1630, INV: 6
NA12877_NA12879           DEL: 875, INS: 1664, INV: 6
NA12879_NA12881           DEL: 882, INS: 1660, INV: 6


INTERVAL_TREE RESULTS:
Database                  Mode            Total SVs    Clustered    Unclustered  Ratio      Clusters   Time (s)    
NA12877_NA12878           Spatial only    2510         2510         0            100.00%      1380       0.3023      
                          + Levenshtein   2510         2510         0            100.00%      1594       1628.4875   

NA12877_NA12879           Spatial only    2545         2545         0            100.00%      1270       0.2654      
                          + Levenshtein   2545         2545         0            100.00%      1429       2216.5815   

NA12879_NA12881           Spatial only    2548         2548         0            100.00%      1229       0.2695      
                          + Levenshtein   2548         2548         0            100.00%      1378       2787.8723   


SV TYPE BREAKDOWN:
------------------------------------------------------------------------------------------------------------------------
NA12877_NA12878           DEL: 874, INS: 1630, INV: 6
NA12877_NA12879           DEL: 875, INS: 1664, INV: 6
NA12879_NA12881           DEL: 882, INS: 1660, INV: 6

                                                 ✓ COMPARISON COMPLETE                                                  

Generated 6 plots:
  • clustering_ratio_dbscan.png
  • processing_time_dbscan.png
  • clustering_ratio_optics.png
  • processing_time_optics.png
  • clustering_ratio_interval_tree.png
  • processing_time_interval_tree.png

Generated files:
-rw-rw-r-- 1 dimam dimam 254K Feb 13 18:15 clustering_ratio_dbscan.png
-rw-rw-r-- 1 dimam dimam 167K Feb 13 18:15 clustering_ratio_interval_tree.png
-rw-rw-r-- 1 dimam dimam 272K Feb 13 18:15 clustering_ratio_optics.png
-rw-rw-r-- 1 dimam dimam 187K Feb 13 18:15 processing_time_dbscan.png
-rw-rw-r-- 1 dimam dimam 186K Feb 13 18:15 processing_time_interval_tree.png
-rw-rw-r-- 1 dimam dimam 185K Feb 13 18:15 processing_time_optics.png

Job completed: Fri Feb 13 18:15:50 CET 2026
