Installing required Python packages...
Looking in links: /proj/sens2023005/nobackup/wharf/dimam/dimam-sens2023005/python_packages
Requirement already satisfied: numpy in /sw/comp/python/3.9.5/rackham/lib/python3.9/site-packages (1.20.3)
Requirement already satisfied: psutil in /castor/project/home/dimam/.local/lib/python3.9/site-packages (7.1.3)

Verifying SVDB installation...
✓ All SVDB modules loaded

Searching for pairwise databases...
Found 21 pairwise database file(s):
  ./Platinum_experiments/NA12877_NA12878.db
  ./Platinum_experiments/NA12877_NA12879.db
  ./Platinum_experiments/NA12877_NA12881.db
  ./Platinum_experiments/NA12877_NA12882.db
  ./Platinum_experiments/NA12877_NA12885.db
  ./Platinum_experiments/NA12877_NA12886.db
  ./Platinum_experiments/NA12878_NA12879.db
  ./Platinum_experiments/NA12878_NA12881.db
  ./Platinum_experiments/NA12878_NA12882.db
  ./Platinum_experiments/NA12878_NA12885.db
  ./Platinum_experiments/NA12878_NA12886.db
  ./Platinum_experiments/NA12879_NA12881.db
  ./Platinum_experiments/NA12879_NA12882.db
  ./Platinum_experiments/NA12879_NA12885.db
  ./Platinum_experiments/NA12879_NA12886.db
  ./Platinum_experiments/NA12881_NA12882.db
  ./Platinum_experiments/NA12881_NA12885.db
  ./Platinum_experiments/NA12881_NA12886.db
  ./Platinum_experiments/NA12882_NA12885.db
  ./Platinum_experiments/NA12882_NA12886.db
  ./Platinum_experiments/NA12885_NA12886.db

                              SVDB CLUSTERING RATIO ANALYSIS                              
Databases to analyze: 21
  • NA12877_NA12878.db
  • NA12877_NA12879.db
  • NA12877_NA12881.db
  • NA12877_NA12882.db
  • NA12877_NA12885.db
  • NA12877_NA12886.db
  • NA12878_NA12879.db
  • NA12878_NA12881.db
  • NA12878_NA12882.db
  • NA12878_NA12885.db
  • NA12878_NA12886.db
  • NA12879_NA12881.db
  • NA12879_NA12882.db
  • NA12879_NA12885.db
  • NA12879_NA12886.db
  • NA12881_NA12882.db
  • NA12881_NA12885.db
  • NA12881_NA12886.db
  • NA12882_NA12885.db
  • NA12882_NA12886.db
  • NA12885_NA12886.db

Output CSV: clustering_ratios_20260206_163256.csv
PROCESSING: NA12877_NA12878.db
Loading: NA12877_NA12878.db
  Loaded 2510 variants from chromosome 1

DBSCAN Analysis:
  WITHOUT Hamming...
    Clustered:   607 | Unclustered:  1903 | Ratio: 0.2418
  WITH Hamming...
    Clustered:   607 | Unclustered:  1903 | Ratio: 0.2418
    Hamming Improvement: +0.0000 (+0.00%)

OPTICS Analysis:
  WITHOUT Hamming...
    Clustered:   105 | Unclustered:  2405 | Ratio: 0.0418
  WITH Hamming...
    Clustered:   105 | Unclustered:  2405 | Ratio: 0.0418
    Hamming Improvement: +0.0000 (+0.00%)

INTERVAL_TREE Analysis:
  WITHOUT Hamming...
    Clustered:  2510 | Unclustered:     0 | Ratio: 1.0000
  WITH Hamming...
    Clustered:  2510 | Unclustered:     0 | Ratio: 1.0000
    Hamming Improvement: +0.0000 (+0.00%)

OVERLAP Analysis:
  WITHOUT Hamming...
    Clustered:  2510 | Unclustered:     0 | Ratio: 1.0000
  WITH Hamming...
    Clustered:  2510 | Unclustered:     0 | Ratio: 1.0000
    Hamming Improvement: +0.0000 (+0.00%)
PROCESSING: NA12877_NA12879.db
Loading: NA12877_NA12879.db
  Loaded 2545 variants from chromosome 1

DBSCAN Analysis:
  WITHOUT Hamming...
    Clustered:   621 | Unclustered:  1924 | Ratio: 0.2440
  WITH Hamming...
    Clustered:   621 | Unclustered:  1924 | Ratio: 0.2440
    Hamming Improvement: +0.0000 (+0.00%)

OPTICS Analysis:
  WITHOUT Hamming...
    Clustered:    91 | Unclustered:  2454 | Ratio: 0.0358
  WITH Hamming...
    Clustered:    91 | Unclustered:  2454 | Ratio: 0.0358
    Hamming Improvement: +0.0000 (+0.00%)

INTERVAL_TREE Analysis:
  WITHOUT Hamming...
    Clustered:  2545 | Unclustered:     0 | Ratio: 1.0000
  WITH Hamming...
    Clustered:  2545 | Unclustered:     0 | Ratio: 1.0000
    Hamming Improvement: +0.0000 (+0.00%)

OVERLAP Analysis:
  WITHOUT Hamming...
    Clustered:  2545 | Unclustered:     0 | Ratio: 1.0000
  WITH Hamming...
    Clustered:  2545 | Unclustered:     0 | Ratio: 1.0000
    Hamming Improvement: +0.0000 (+0.00%)
PROCESSING: NA12877_NA12881.db
Loading: NA12877_NA12881.db
  Loaded 2517 variants from chromosome 1

DBSCAN Analysis:
  WITHOUT Hamming...
    Clustered:   609 | Unclustered:  1908 | Ratio: 0.2420
  WITH Hamming...
    Clustered:   609 | Unclustered:  1908 | Ratio: 0.2420
    Hamming Improvement: +0.0000 (+0.00%)

OPTICS Analysis:
  WITHOUT Hamming...
    Clustered:   102 | Unclustered:  2415 | Ratio: 0.0405
  WITH Hamming...
    Clustered:   102 | Unclustered:  2415 | Ratio: 0.0405
    Hamming Improvement: +0.0000 (+0.00%)

INTERVAL_TREE Analysis:
  WITHOUT Hamming...
    Clustered:  2517 | Unclustered:     0 | Ratio: 1.0000
  WITH Hamming...
    Clustered:  2517 | Unclustered:     0 | Ratio: 1.0000
    Hamming Improvement: +0.0000 (+0.00%)

OVERLAP Analysis:
  WITHOUT Hamming...
    Clustered:  2517 | Unclustered:     0 | Ratio: 1.0000
  WITH Hamming...
    Clustered:  2517 | Unclustered:     0 | Ratio: 1.0000
    Hamming Improvement: +0.0000 (+0.00%)
PROCESSING: NA12877_NA12882.db
Loading: NA12877_NA12882.db
  Loaded 2555 variants from chromosome 1

DBSCAN Analysis:
  WITHOUT Hamming...
    Clustered:   639 | Unclustered:  1916 | Ratio: 0.2501
  WITH Hamming...
    Clustered:   639 | Unclustered:  1916 | Ratio: 0.2501
    Hamming Improvement: +0.0000 (+0.00%)

OPTICS Analysis:
  WITHOUT Hamming...
    Clustered:    98 | Unclustered:  2457 | Ratio: 0.0384
  WITH Hamming...
    Clustered:    98 | Unclustered:  2457 | Ratio: 0.0384
    Hamming Improvement: +0.0000 (+0.00%)

INTERVAL_TREE Analysis:
  WITHOUT Hamming...
    Clustered:  2555 | Unclustered:     0 | Ratio: 1.0000
  WITH Hamming...
    Clustered:  2555 | Unclustered:     0 | Ratio: 1.0000
    Hamming Improvement: +0.0000 (+0.00%)

OVERLAP Analysis:
  WITHOUT Hamming...
    Clustered:  2555 | Unclustered:     0 | Ratio: 1.0000
  WITH Hamming...
    Clustered:  2555 | Unclustered:     0 | Ratio: 1.0000
    Hamming Improvement: +0.0000 (+0.00%)
PROCESSING: NA12877_NA12885.db
Loading: NA12877_NA12885.db
  Loaded 2513 variants from chromosome 1

DBSCAN Analysis:
  WITHOUT Hamming...
    Clustered:   609 | Unclustered:  1904 | Ratio: 0.2423
  WITH Hamming...
    Clustered:   609 | Unclustered:  1904 | Ratio: 0.2423
    Hamming Improvement: +0.0000 (+0.00%)

OPTICS Analysis:
  WITHOUT Hamming...
    Clustered:    94 | Unclustered:  2419 | Ratio: 0.0374
  WITH Hamming...
    Clustered:    94 | Unclustered:  2419 | Ratio: 0.0374
    Hamming Improvement: +0.0000 (+0.00%)

INTERVAL_TREE Analysis:
  WITHOUT Hamming...
    Clustered:  2513 | Unclustered:     0 | Ratio: 1.0000
  WITH Hamming...
    Clustered:  2513 | Unclustered:     0 | Ratio: 1.0000
    Hamming Improvement: +0.0000 (+0.00%)

OVERLAP Analysis:
  WITHOUT Hamming...
    Clustered:  2513 | Unclustered:     0 | Ratio: 1.0000
  WITH Hamming...
    Clustered:  2513 | Unclustered:     0 | Ratio: 1.0000
    Hamming Improvement: +0.0000 (+0.00%)
PROCESSING: NA12877_NA12886.db
Loading: NA12877_NA12886.db
  Loaded 2529 variants from chromosome 1

DBSCAN Analysis:
  WITHOUT Hamming...
    Clustered:   635 | Unclustered:  1894 | Ratio: 0.2511
  WITH Hamming...
    Clustered:   635 | Unclustered:  1894 | Ratio: 0.2511
    Hamming Improvement: +0.0000 (+0.00%)

OPTICS Analysis:
  WITHOUT Hamming...
    Clustered:   105 | Unclustered:  2424 | Ratio: 0.0415
  WITH Hamming...
    Clustered:   105 | Unclustered:  2424 | Ratio: 0.0415
    Hamming Improvement: +0.0000 (+0.00%)

INTERVAL_TREE Analysis:
  WITHOUT Hamming...
    Clustered:  2529 | Unclustered:     0 | Ratio: 1.0000
  WITH Hamming...
    Clustered:  2529 | Unclustered:     0 | Ratio: 1.0000
    Hamming Improvement: +0.0000 (+0.00%)

OVERLAP Analysis:
  WITHOUT Hamming...
    Clustered:  2529 | Unclustered:     0 | Ratio: 1.0000
  WITH Hamming...
    Clustered:  2529 | Unclustered:     0 | Ratio: 1.0000
    Hamming Improvement: +0.0000 (+0.00%)
PROCESSING: NA12878_NA12879.db
Loading: NA12878_NA12879.db
  Loaded 2541 variants from chromosome 1

DBSCAN Analysis:
  WITHOUT Hamming...
    Clustered:   628 | Unclustered:  1913 | Ratio: 0.2471
  WITH Hamming...
    Clustered:   628 | Unclustered:  1913 | Ratio: 0.2471
    Hamming Improvement: +0.0000 (+0.00%)

OPTICS Analysis:
  WITHOUT Hamming...
    Clustered:   105 | Unclustered:  2436 | Ratio: 0.0413
  WITH Hamming...
    Clustered:   105 | Unclustered:  2436 | Ratio: 0.0413
    Hamming Improvement: +0.0000 (+0.00%)

INTERVAL_TREE Analysis:
  WITHOUT Hamming...
    Clustered:  2541 | Unclustered:     0 | Ratio: 1.0000
  WITH Hamming...
    Clustered:  2541 | Unclustered:     0 | Ratio: 1.0000
    Hamming Improvement: +0.0000 (+0.00%)

OVERLAP Analysis:
  WITHOUT Hamming...
    Clustered:  2541 | Unclustered:     0 | Ratio: 1.0000
  WITH Hamming...
    Clustered:  2541 | Unclustered:     0 | Ratio: 1.0000
    Hamming Improvement: +0.0000 (+0.00%)
PROCESSING: NA12878_NA12881.db
Loading: NA12878_NA12881.db
  Loaded 2513 variants from chromosome 1

DBSCAN Analysis:
  WITHOUT Hamming...
    Clustered:   616 | Unclustered:  1897 | Ratio: 0.2451
  WITH Hamming...
    Clustered:   616 | Unclustered:  1897 | Ratio: 0.2451
    Hamming Improvement: +0.0000 (+0.00%)

OPTICS Analysis:
  WITHOUT Hamming...
    Clustered:   110 | Unclustered:  2403 | Ratio: 0.0438
  WITH Hamming...
    Clustered:   110 | Unclustered:  2403 | Ratio: 0.0438
    Hamming Improvement: +0.0000 (+0.00%)

INTERVAL_TREE Analysis:
  WITHOUT Hamming...
    Clustered:  2513 | Unclustered:     0 | Ratio: 1.0000
  WITH Hamming...
    Clustered:  2513 | Unclustered:     0 | Ratio: 1.0000
    Hamming Improvement: +0.0000 (+0.00%)

OVERLAP Analysis:
  WITHOUT Hamming...
    Clustered:  2513 | Unclustered:     0 | Ratio: 1.0000
  WITH Hamming...
    Clustered:  2513 | Unclustered:     0 | Ratio: 1.0000
    Hamming Improvement: +0.0000 (+0.00%)
PROCESSING: NA12878_NA12882.db
Loading: NA12878_NA12882.db
  Loaded 2551 variants from chromosome 1

DBSCAN Analysis:
  WITHOUT Hamming...
    Clustered:   646 | Unclustered:  1905 | Ratio: 0.2532
  WITH Hamming...
    Clustered:   646 | Unclustered:  1905 | Ratio: 0.2532
    Hamming Improvement: +0.0000 (+0.00%)

OPTICS Analysis:
  WITHOUT Hamming...
    Clustered:   118 | Unclustered:  2433 | Ratio: 0.0463
  WITH Hamming...
    Clustered:   118 | Unclustered:  2433 | Ratio: 0.0463
    Hamming Improvement: +0.0000 (+0.00%)

INTERVAL_TREE Analysis:
  WITHOUT Hamming...
    Clustered:  2551 | Unclustered:     0 | Ratio: 1.0000
  WITH Hamming...
    Clustered:  2551 | Unclustered:     0 | Ratio: 1.0000
    Hamming Improvement: +0.0000 (+0.00%)

OVERLAP Analysis:
  WITHOUT Hamming...
    Clustered:  2551 | Unclustered:     0 | Ratio: 1.0000
  WITH Hamming...
    Clustered:  2551 | Unclustered:     0 | Ratio: 1.0000
    Hamming Improvement: +0.0000 (+0.00%)
PROCESSING: NA12878_NA12885.db
Loading: NA12878_NA12885.db
  Loaded 2509 variants from chromosome 1

DBSCAN Analysis:
  WITHOUT Hamming...
    Clustered:   616 | Unclustered:  1893 | Ratio: 0.2455
  WITH Hamming...
    Clustered:   616 | Unclustered:  1893 | Ratio: 0.2455
    Hamming Improvement: +0.0000 (+0.00%)

OPTICS Analysis:
  WITHOUT Hamming...
    Clustered:    97 | Unclustered:  2412 | Ratio: 0.0387
  WITH Hamming...
    Clustered:    97 | Unclustered:  2412 | Ratio: 0.0387
    Hamming Improvement: +0.0000 (+0.00%)

INTERVAL_TREE Analysis:
  WITHOUT Hamming...
    Clustered:  2509 | Unclustered:     0 | Ratio: 1.0000
  WITH Hamming...
    Clustered:  2509 | Unclustered:     0 | Ratio: 1.0000
    Hamming Improvement: +0.0000 (+0.00%)

OVERLAP Analysis:
  WITHOUT Hamming...
    Clustered:  2509 | Unclustered:     0 | Ratio: 1.0000
  WITH Hamming...
    Clustered:  2509 | Unclustered:     0 | Ratio: 1.0000
    Hamming Improvement: +0.0000 (+0.00%)
PROCESSING: NA12878_NA12886.db
Loading: NA12878_NA12886.db
  Loaded 2525 variants from chromosome 1

DBSCAN Analysis:
  WITHOUT Hamming...
    Clustered:   642 | Unclustered:  1883 | Ratio: 0.2543
  WITH Hamming...
    Clustered:   642 | Unclustered:  1883 | Ratio: 0.2543
    Hamming Improvement: +0.0000 (+0.00%)

OPTICS Analysis:
  WITHOUT Hamming...
    Clustered:   113 | Unclustered:  2412 | Ratio: 0.0448
  WITH Hamming...
    Clustered:   113 | Unclustered:  2412 | Ratio: 0.0448
    Hamming Improvement: +0.0000 (+0.00%)

INTERVAL_TREE Analysis:
  WITHOUT Hamming...
    Clustered:  2525 | Unclustered:     0 | Ratio: 1.0000
  WITH Hamming...
    Clustered:  2525 | Unclustered:     0 | Ratio: 1.0000
    Hamming Improvement: +0.0000 (+0.00%)

OVERLAP Analysis:
  WITHOUT Hamming...
    Clustered:  2525 | Unclustered:     0 | Ratio: 1.0000
  WITH Hamming...
    Clustered:  2525 | Unclustered:     0 | Ratio: 1.0000
    Hamming Improvement: +0.0000 (+0.00%)
PROCESSING: NA12879_NA12881.db
Loading: NA12879_NA12881.db
  Loaded 2548 variants from chromosome 1

DBSCAN Analysis:
  WITHOUT Hamming...
    Clustered:   630 | Unclustered:  1918 | Ratio: 0.2473
  WITH Hamming...
    Clustered:   630 | Unclustered:  1918 | Ratio: 0.2473
    Hamming Improvement: +0.0000 (+0.00%)

OPTICS Analysis:
  WITHOUT Hamming...
    Clustered:   120 | Unclustered:  2428 | Ratio: 0.0471
  WITH Hamming...
    Clustered:   120 | Unclustered:  2428 | Ratio: 0.0471
    Hamming Improvement: +0.0000 (+0.00%)

INTERVAL_TREE Analysis:
  WITHOUT Hamming...
    Clustered:  2548 | Unclustered:     0 | Ratio: 1.0000
  WITH Hamming...
    Clustered:  2548 | Unclustered:     0 | Ratio: 1.0000
    Hamming Improvement: +0.0000 (+0.00%)

OVERLAP Analysis:
  WITHOUT Hamming...
    Clustered:  2548 | Unclustered:     0 | Ratio: 1.0000
  WITH Hamming...
    Clustered:  2548 | Unclustered:     0 | Ratio: 1.0000
    Hamming Improvement: +0.0000 (+0.00%)
PROCESSING: NA12879_NA12882.db
Loading: NA12879_NA12882.db
  Loaded 2586 variants from chromosome 1

DBSCAN Analysis:
  WITHOUT Hamming...
    Clustered:   660 | Unclustered:  1926 | Ratio: 0.2552
  WITH Hamming...
    Clustered:   660 | Unclustered:  1926 | Ratio: 0.2552
    Hamming Improvement: +0.0000 (+0.00%)

OPTICS Analysis:
  WITHOUT Hamming...
    Clustered:   115 | Unclustered:  2471 | Ratio: 0.0445
  WITH Hamming...
    Clustered:   115 | Unclustered:  2471 | Ratio: 0.0445
    Hamming Improvement: +0.0000 (+0.00%)

INTERVAL_TREE Analysis:
  WITHOUT Hamming...
    Clustered:  2586 | Unclustered:     0 | Ratio: 1.0000
  WITH Hamming...
    Clustered:  2586 | Unclustered:     0 | Ratio: 1.0000
    Hamming Improvement: +0.0000 (+0.00%)

OVERLAP Analysis:
  WITHOUT Hamming...
    Clustered:  2586 | Unclustered:     0 | Ratio: 1.0000
  WITH Hamming...
    Clustered:  2586 | Unclustered:     0 | Ratio: 1.0000
    Hamming Improvement: +0.0000 (+0.00%)
PROCESSING: NA12879_NA12885.db
Loading: NA12879_NA12885.db
  Loaded 2544 variants from chromosome 1

DBSCAN Analysis:
  WITHOUT Hamming...
    Clustered:   630 | Unclustered:  1914 | Ratio: 0.2476
  WITH Hamming...
    Clustered:   630 | Unclustered:  1914 | Ratio: 0.2476
    Hamming Improvement: +0.0000 (+0.00%)

OPTICS Analysis:
  WITHOUT Hamming...
    Clustered:   112 | Unclustered:  2432 | Ratio: 0.0440
  WITH Hamming...
    Clustered:   112 | Unclustered:  2432 | Ratio: 0.0440
    Hamming Improvement: +0.0000 (+0.00%)

INTERVAL_TREE Analysis:
  WITHOUT Hamming...
    Clustered:  2544 | Unclustered:     0 | Ratio: 1.0000
  WITH Hamming...
    Clustered:  2544 | Unclustered:     0 | Ratio: 1.0000
    Hamming Improvement: +0.0000 (+0.00%)

OVERLAP Analysis:
  WITHOUT Hamming...
    Clustered:  2544 | Unclustered:     0 | Ratio: 1.0000
  WITH Hamming...
    Clustered:  2544 | Unclustered:     0 | Ratio: 1.0000
    Hamming Improvement: +0.0000 (+0.00%)
PROCESSING: NA12879_NA12886.db
Loading: NA12879_NA12886.db
  Loaded 2560 variants from chromosome 1

DBSCAN Analysis:
  WITHOUT Hamming...
    Clustered:   656 | Unclustered:  1904 | Ratio: 0.2562
  WITH Hamming...
    Clustered:   656 | Unclustered:  1904 | Ratio: 0.2562
    Hamming Improvement: +0.0000 (+0.00%)

OPTICS Analysis:
  WITHOUT Hamming...
    Clustered:   114 | Unclustered:  2446 | Ratio: 0.0445
  WITH Hamming...
    Clustered:   114 | Unclustered:  2446 | Ratio: 0.0445
    Hamming Improvement: +0.0000 (+0.00%)

INTERVAL_TREE Analysis:
  WITHOUT Hamming...
    Clustered:  2560 | Unclustered:     0 | Ratio: 1.0000
  WITH Hamming...
    Clustered:  2560 | Unclustered:     0 | Ratio: 1.0000
    Hamming Improvement: +0.0000 (+0.00%)

OVERLAP Analysis:
  WITHOUT Hamming...
    Clustered:  2560 | Unclustered:     0 | Ratio: 1.0000
  WITH Hamming...
    Clustered:  2560 | Unclustered:     0 | Ratio: 1.0000
    Hamming Improvement: +0.0000 (+0.00%)
PROCESSING: NA12881_NA12882.db
Loading: NA12881_NA12882.db
  Loaded 2558 variants from chromosome 1

DBSCAN Analysis:
  WITHOUT Hamming...
    Clustered:   648 | Unclustered:  1910 | Ratio: 0.2533
  WITH Hamming...
    Clustered:   648 | Unclustered:  1910 | Ratio: 0.2533
    Hamming Improvement: +0.0000 (+0.00%)

OPTICS Analysis:
  WITHOUT Hamming...
    Clustered:   121 | Unclustered:  2437 | Ratio: 0.0473
  WITH Hamming...
    Clustered:   121 | Unclustered:  2437 | Ratio: 0.0473
    Hamming Improvement: +0.0000 (+0.00%)

INTERVAL_TREE Analysis:
  WITHOUT Hamming...
    Clustered:  2558 | Unclustered:     0 | Ratio: 1.0000
  WITH Hamming...
    Clustered:  2558 | Unclustered:     0 | Ratio: 1.0000
    Hamming Improvement: +0.0000 (+0.00%)

OVERLAP Analysis:
  WITHOUT Hamming...
    Clustered:  2558 | Unclustered:     0 | Ratio: 1.0000
  WITH Hamming...
    Clustered:  2558 | Unclustered:     0 | Ratio: 1.0000
    Hamming Improvement: +0.0000 (+0.00%)
PROCESSING: NA12881_NA12885.db
Loading: NA12881_NA12885.db
  Loaded 2516 variants from chromosome 1

DBSCAN Analysis:
  WITHOUT Hamming...
    Clustered:   618 | Unclustered:  1898 | Ratio: 0.2456
  WITH Hamming...
    Clustered:   618 | Unclustered:  1898 | Ratio: 0.2456
    Hamming Improvement: +0.0000 (+0.00%)

OPTICS Analysis:
  WITHOUT Hamming...
    Clustered:   112 | Unclustered:  2404 | Ratio: 0.0445
  WITH Hamming...
    Clustered:   112 | Unclustered:  2404 | Ratio: 0.0445
    Hamming Improvement: +0.0000 (+0.00%)

INTERVAL_TREE Analysis:
  WITHOUT Hamming...
    Clustered:  2516 | Unclustered:     0 | Ratio: 1.0000
  WITH Hamming...
    Clustered:  2516 | Unclustered:     0 | Ratio: 1.0000
    Hamming Improvement: +0.0000 (+0.00%)

OVERLAP Analysis:
  WITHOUT Hamming...
    Clustered:  2516 | Unclustered:     0 | Ratio: 1.0000
  WITH Hamming...
    Clustered:  2516 | Unclustered:     0 | Ratio: 1.0000
    Hamming Improvement: +0.0000 (+0.00%)
PROCESSING: NA12881_NA12886.db
Loading: NA12881_NA12886.db
  Loaded 2532 variants from chromosome 1

DBSCAN Analysis:
  WITHOUT Hamming...
    Clustered:   644 | Unclustered:  1888 | Ratio: 0.2543
  WITH Hamming...
    Clustered:   644 | Unclustered:  1888 | Ratio: 0.2543
    Hamming Improvement: +0.0000 (+0.00%)

OPTICS Analysis:
  WITHOUT Hamming...
    Clustered:   127 | Unclustered:  2405 | Ratio: 0.0502
  WITH Hamming...
    Clustered:   127 | Unclustered:  2405 | Ratio: 0.0502
    Hamming Improvement: +0.0000 (+0.00%)

INTERVAL_TREE Analysis:
  WITHOUT Hamming...
    Clustered:  2532 | Unclustered:     0 | Ratio: 1.0000
  WITH Hamming...
    Clustered:  2532 | Unclustered:     0 | Ratio: 1.0000
    Hamming Improvement: +0.0000 (+0.00%)

OVERLAP Analysis:
  WITHOUT Hamming...
    Clustered:  2532 | Unclustered:     0 | Ratio: 1.0000
  WITH Hamming...
    Clustered:  2532 | Unclustered:     0 | Ratio: 1.0000
    Hamming Improvement: +0.0000 (+0.00%)
PROCESSING: NA12882_NA12885.db
Loading: NA12882_NA12885.db
  Loaded 2554 variants from chromosome 1

DBSCAN Analysis:
  WITHOUT Hamming...
    Clustered:   648 | Unclustered:  1906 | Ratio: 0.2537
  WITH Hamming...
    Clustered:   648 | Unclustered:  1906 | Ratio: 0.2537
    Hamming Improvement: +0.0000 (+0.00%)

OPTICS Analysis:
  WITHOUT Hamming...
    Clustered:   111 | Unclustered:  2443 | Ratio: 0.0435
  WITH Hamming...
    Clustered:   111 | Unclustered:  2443 | Ratio: 0.0435
    Hamming Improvement: +0.0000 (+0.00%)

INTERVAL_TREE Analysis:
  WITHOUT Hamming...
    Clustered:  2554 | Unclustered:     0 | Ratio: 1.0000
  WITH Hamming...
    Clustered:  2554 | Unclustered:     0 | Ratio: 1.0000
    Hamming Improvement: +0.0000 (+0.00%)

OVERLAP Analysis:
  WITHOUT Hamming...
    Clustered:  2554 | Unclustered:     0 | Ratio: 1.0000
  WITH Hamming...
    Clustered:  2554 | Unclustered:     0 | Ratio: 1.0000
    Hamming Improvement: +0.0000 (+0.00%)
PROCESSING: NA12882_NA12886.db
Loading: NA12882_NA12886.db
  Loaded 2570 variants from chromosome 1

DBSCAN Analysis:
  WITHOUT Hamming...
    Clustered:   674 | Unclustered:  1896 | Ratio: 0.2623
  WITH Hamming...
    Clustered:   674 | Unclustered:  1896 | Ratio: 0.2623
    Hamming Improvement: +0.0000 (+0.00%)

OPTICS Analysis:
  WITHOUT Hamming...
    Clustered:   129 | Unclustered:  2441 | Ratio: 0.0502
  WITH Hamming...
    Clustered:   129 | Unclustered:  2441 | Ratio: 0.0502
    Hamming Improvement: +0.0000 (+0.00%)

INTERVAL_TREE Analysis:
  WITHOUT Hamming...
    Clustered:  2570 | Unclustered:     0 | Ratio: 1.0000
  WITH Hamming...
    Clustered:  2570 | Unclustered:     0 | Ratio: 1.0000
    Hamming Improvement: +0.0000 (+0.00%)

OVERLAP Analysis:
  WITHOUT Hamming...
    Clustered:  2570 | Unclustered:     0 | Ratio: 1.0000
  WITH Hamming...
    Clustered:  2570 | Unclustered:     0 | Ratio: 1.0000
    Hamming Improvement: +0.0000 (+0.00%)
PROCESSING: NA12885_NA12886.db
Loading: NA12885_NA12886.db
  Loaded 2528 variants from chromosome 1

DBSCAN Analysis:
  WITHOUT Hamming...
    Clustered:   644 | Unclustered:  1884 | Ratio: 0.2547
  WITH Hamming...
    Clustered:   644 | Unclustered:  1884 | Ratio: 0.2547
    Hamming Improvement: +0.0000 (+0.00%)

OPTICS Analysis:
  WITHOUT Hamming...
    Clustered:   120 | Unclustered:  2408 | Ratio: 0.0475
  WITH Hamming...
    Clustered:   120 | Unclustered:  2408 | Ratio: 0.0475
    Hamming Improvement: +0.0000 (+0.00%)

INTERVAL_TREE Analysis:
  WITHOUT Hamming...
    Clustered:  2528 | Unclustered:     0 | Ratio: 1.0000
  WITH Hamming...
    Clustered:  2528 | Unclustered:     0 | Ratio: 1.0000
    Hamming Improvement: +0.0000 (+0.00%)

OVERLAP Analysis:
  WITHOUT Hamming...
    Clustered:  2528 | Unclustered:     0 | Ratio: 1.0000
  WITH Hamming...
    Clustered:  2528 | Unclustered:     0 | Ratio: 1.0000
    Hamming Improvement: +0.0000 (+0.00%)
                                                CLUSTERING RATIO SUMMARY                                                

NA12877_NA12878:
  Algorithm       Hamming     Clustered  Unclustered      Ratio
  -----------------------------------------------------------------
  DBSCAN          No                607         1903     0.2418
  DBSCAN          Yes               607         1903     0.2418
  OPTICS          No                105         2405     0.0418
  OPTICS          Yes               105         2405     0.0418
  INTERVAL_TREE   No               2510            0     1.0000
  INTERVAL_TREE   Yes              2510            0     1.0000
  OVERLAP         No               2510            0     1.0000
  OVERLAP         Yes              2510            0     1.0000

NA12877_NA12879:
  Algorithm       Hamming     Clustered  Unclustered      Ratio
  -----------------------------------------------------------------
  DBSCAN          No                621         1924     0.2440
  DBSCAN          Yes               621         1924     0.2440
  OPTICS          No                 91         2454     0.0358
  OPTICS          Yes                91         2454     0.0358
  INTERVAL_TREE   No               2545            0     1.0000
  INTERVAL_TREE   Yes              2545            0     1.0000
  OVERLAP         No               2545            0     1.0000
  OVERLAP         Yes              2545            0     1.0000

NA12877_NA12881:
  Algorithm       Hamming     Clustered  Unclustered      Ratio
  -----------------------------------------------------------------
  DBSCAN          No                609         1908     0.2420
  DBSCAN          Yes               609         1908     0.2420
  OPTICS          No                102         2415     0.0405
  OPTICS          Yes               102         2415     0.0405
  INTERVAL_TREE   No               2517            0     1.0000
  INTERVAL_TREE   Yes              2517            0     1.0000
  OVERLAP         No               2517            0     1.0000
  OVERLAP         Yes              2517            0     1.0000

NA12877_NA12882:
  Algorithm       Hamming     Clustered  Unclustered      Ratio
  -----------------------------------------------------------------
  DBSCAN          No                639         1916     0.2501
  DBSCAN          Yes               639         1916     0.2501
  OPTICS          No                 98         2457     0.0384
  OPTICS          Yes                98         2457     0.0384
  INTERVAL_TREE   No               2555            0     1.0000
  INTERVAL_TREE   Yes              2555            0     1.0000
  OVERLAP         No               2555            0     1.0000
  OVERLAP         Yes              2555            0     1.0000

NA12877_NA12885:
  Algorithm       Hamming     Clustered  Unclustered      Ratio
  -----------------------------------------------------------------
  DBSCAN          No                609         1904     0.2423
  DBSCAN          Yes               609         1904     0.2423
  OPTICS          No                 94         2419     0.0374
  OPTICS          Yes                94         2419     0.0374
  INTERVAL_TREE   No               2513            0     1.0000
  INTERVAL_TREE   Yes              2513            0     1.0000
  OVERLAP         No               2513            0     1.0000
  OVERLAP         Yes              2513            0     1.0000

NA12877_NA12886:
  Algorithm       Hamming     Clustered  Unclustered      Ratio
  -----------------------------------------------------------------
  DBSCAN          No                635         1894     0.2511
  DBSCAN          Yes               635         1894     0.2511
  OPTICS          No                105         2424     0.0415
  OPTICS          Yes               105         2424     0.0415
  INTERVAL_TREE   No               2529            0     1.0000
  INTERVAL_TREE   Yes              2529            0     1.0000
  OVERLAP         No               2529            0     1.0000
  OVERLAP         Yes              2529            0     1.0000

NA12878_NA12879:
  Algorithm       Hamming     Clustered  Unclustered      Ratio
  -----------------------------------------------------------------
  DBSCAN          No                628         1913     0.2471
  DBSCAN          Yes               628         1913     0.2471
  OPTICS          No                105         2436     0.0413
  OPTICS          Yes               105         2436     0.0413
  INTERVAL_TREE   No               2541            0     1.0000
  INTERVAL_TREE   Yes              2541            0     1.0000
  OVERLAP         No               2541            0     1.0000
  OVERLAP         Yes              2541            0     1.0000

NA12878_NA12881:
  Algorithm       Hamming     Clustered  Unclustered      Ratio
  -----------------------------------------------------------------
  DBSCAN          No                616         1897     0.2451
  DBSCAN          Yes               616         1897     0.2451
  OPTICS          No                110         2403     0.0438
  OPTICS          Yes               110         2403     0.0438
  INTERVAL_TREE   No               2513            0     1.0000
  INTERVAL_TREE   Yes              2513            0     1.0000
  OVERLAP         No               2513            0     1.0000
  OVERLAP         Yes              2513            0     1.0000

NA12878_NA12882:
  Algorithm       Hamming     Clustered  Unclustered      Ratio
  -----------------------------------------------------------------
  DBSCAN          No                646         1905     0.2532
  DBSCAN          Yes               646         1905     0.2532
  OPTICS          No                118         2433     0.0463
  OPTICS          Yes               118         2433     0.0463
  INTERVAL_TREE   No               2551            0     1.0000
  INTERVAL_TREE   Yes              2551            0     1.0000
  OVERLAP         No               2551            0     1.0000
  OVERLAP         Yes              2551            0     1.0000

NA12878_NA12885:
  Algorithm       Hamming     Clustered  Unclustered      Ratio
  -----------------------------------------------------------------
  DBSCAN          No                616         1893     0.2455
  DBSCAN          Yes               616         1893     0.2455
  OPTICS          No                 97         2412     0.0387
  OPTICS          Yes                97         2412     0.0387
  INTERVAL_TREE   No               2509            0     1.0000
  INTERVAL_TREE   Yes              2509            0     1.0000
  OVERLAP         No               2509            0     1.0000
  OVERLAP         Yes              2509            0     1.0000

NA12878_NA12886:
  Algorithm       Hamming     Clustered  Unclustered      Ratio
  -----------------------------------------------------------------
  DBSCAN          No                642         1883     0.2543
  DBSCAN          Yes               642         1883     0.2543
  OPTICS          No                113         2412     0.0448
  OPTICS          Yes               113         2412     0.0448
  INTERVAL_TREE   No               2525            0     1.0000
  INTERVAL_TREE   Yes              2525            0     1.0000
  OVERLAP         No               2525            0     1.0000
  OVERLAP         Yes              2525            0     1.0000

NA12879_NA12881:
  Algorithm       Hamming     Clustered  Unclustered      Ratio
  -----------------------------------------------------------------
  DBSCAN          No                630         1918     0.2473
  DBSCAN          Yes               630         1918     0.2473
  OPTICS          No                120         2428     0.0471
  OPTICS          Yes               120         2428     0.0471
  INTERVAL_TREE   No               2548            0     1.0000
  INTERVAL_TREE   Yes              2548            0     1.0000
  OVERLAP         No               2548            0     1.0000
  OVERLAP         Yes              2548            0     1.0000

NA12879_NA12882:
  Algorithm       Hamming     Clustered  Unclustered      Ratio
  -----------------------------------------------------------------
  DBSCAN          No                660         1926     0.2552
  DBSCAN          Yes               660         1926     0.2552
  OPTICS          No                115         2471     0.0445
  OPTICS          Yes               115         2471     0.0445
  INTERVAL_TREE   No               2586            0     1.0000
  INTERVAL_TREE   Yes              2586            0     1.0000
  OVERLAP         No               2586            0     1.0000
  OVERLAP         Yes              2586            0     1.0000

NA12879_NA12885:
  Algorithm       Hamming     Clustered  Unclustered      Ratio
  -----------------------------------------------------------------
  DBSCAN          No                630         1914     0.2476
  DBSCAN          Yes               630         1914     0.2476
  OPTICS          No                112         2432     0.0440
  OPTICS          Yes               112         2432     0.0440
  INTERVAL_TREE   No               2544            0     1.0000
  INTERVAL_TREE   Yes              2544            0     1.0000
  OVERLAP         No               2544            0     1.0000
  OVERLAP         Yes              2544            0     1.0000

NA12879_NA12886:
  Algorithm       Hamming     Clustered  Unclustered      Ratio
  -----------------------------------------------------------------
  DBSCAN          No                656         1904     0.2562
  DBSCAN          Yes               656         1904     0.2562
  OPTICS          No                114         2446     0.0445
  OPTICS          Yes               114         2446     0.0445
  INTERVAL_TREE   No               2560            0     1.0000
  INTERVAL_TREE   Yes              2560            0     1.0000
  OVERLAP         No               2560            0     1.0000
  OVERLAP         Yes              2560            0     1.0000

NA12881_NA12882:
  Algorithm       Hamming     Clustered  Unclustered      Ratio
  -----------------------------------------------------------------
  DBSCAN          No                648         1910     0.2533
  DBSCAN          Yes               648         1910     0.2533
  OPTICS          No                121         2437     0.0473
  OPTICS          Yes               121         2437     0.0473
  INTERVAL_TREE   No               2558            0     1.0000
  INTERVAL_TREE   Yes              2558            0     1.0000
  OVERLAP         No               2558            0     1.0000
  OVERLAP         Yes              2558            0     1.0000

NA12881_NA12885:
  Algorithm       Hamming     Clustered  Unclustered      Ratio
  -----------------------------------------------------------------
  DBSCAN          No                618         1898     0.2456
  DBSCAN          Yes               618         1898     0.2456
  OPTICS          No                112         2404     0.0445
  OPTICS          Yes               112         2404     0.0445
  INTERVAL_TREE   No               2516            0     1.0000
  INTERVAL_TREE   Yes              2516            0     1.0000
  OVERLAP         No               2516            0     1.0000
  OVERLAP         Yes              2516            0     1.0000

NA12881_NA12886:
  Algorithm       Hamming     Clustered  Unclustered      Ratio
  -----------------------------------------------------------------
  DBSCAN          No                644         1888     0.2543
  DBSCAN          Yes               644         1888     0.2543
  OPTICS          No                127         2405     0.0502
  OPTICS          Yes               127         2405     0.0502
  INTERVAL_TREE   No               2532            0     1.0000
  INTERVAL_TREE   Yes              2532            0     1.0000
  OVERLAP         No               2532            0     1.0000
  OVERLAP         Yes              2532            0     1.0000

NA12882_NA12885:
  Algorithm       Hamming     Clustered  Unclustered      Ratio
  -----------------------------------------------------------------
  DBSCAN          No                648         1906     0.2537
  DBSCAN          Yes               648         1906     0.2537
  OPTICS          No                111         2443     0.0435
  OPTICS          Yes               111         2443     0.0435
  INTERVAL_TREE   No               2554            0     1.0000
  INTERVAL_TREE   Yes              2554            0     1.0000
  OVERLAP         No               2554            0     1.0000
  OVERLAP         Yes              2554            0     1.0000

NA12882_NA12886:
  Algorithm       Hamming     Clustered  Unclustered      Ratio
  -----------------------------------------------------------------
  DBSCAN          No                674         1896     0.2623
  DBSCAN          Yes               674         1896     0.2623
  OPTICS          No                129         2441     0.0502
  OPTICS          Yes               129         2441     0.0502
  INTERVAL_TREE   No               2570            0     1.0000
  INTERVAL_TREE   Yes              2570            0     1.0000
  OVERLAP         No               2570            0     1.0000
  OVERLAP         Yes              2570            0     1.0000

NA12885_NA12886:
  Algorithm       Hamming     Clustered  Unclustered      Ratio
  -----------------------------------------------------------------
  DBSCAN          No                644         1884     0.2547
  DBSCAN          Yes               644         1884     0.2547
  OPTICS          No                120         2408     0.0475
  OPTICS          Yes               120         2408     0.0475
  INTERVAL_TREE   No               2528            0     1.0000
  INTERVAL_TREE   Yes              2528            0     1.0000
  OVERLAP         No               2528            0     1.0000
  OVERLAP         Yes              2528            0     1.0000
                                   ✓ ANALYSIS COMPLETE                                    
Results saved to: clustering_ratios_20260206_163256.csv
Total comparisons: 168
Output files:
  • clustering_ratios_20260206_163256.csv
    Size: 12K
    Lines: 169 (including header)

Job ID: 21805
Databases analyzed: 21

Pairwise combinations analyzed:
  • NA12877_NA12878
  • NA12877_NA12879
  • NA12877_NA12881
  • NA12877_NA12882
  • NA12877_NA12885
  • NA12877_NA12886
  • NA12878_NA12879
  • NA12878_NA12881
  • NA12878_NA12882
  • NA12878_NA12885
  • NA12878_NA12886
  • NA12879_NA12881
  • NA12879_NA12882
  • NA12879_NA12885
  • NA12879_NA12886
  • NA12881_NA12882
  • NA12881_NA12885
  • NA12881_NA12886
  • NA12882_NA12885
  • NA12882_NA12886
  • NA12885_NA12886

Output location: /proj/sens2023005/nobackup/wharf/dimam/dimam-sens2023005/Degree_project/SVDB

Quick Statistics Summary:

Sample breakdown:
  NA12877_NA12878:                 8 comparisons
  NA12877_NA12879:                 8 comparisons
  NA12877_NA12881:                 8 comparisons
  NA12877_NA12882:                 8 comparisons
  NA12877_NA12885:                 8 comparisons
  NA12877_NA12886:                 8 comparisons
  NA12878_NA12879:                 8 comparisons
  NA12878_NA12881:                 8 comparisons
  NA12878_NA12882:                 8 comparisons
  NA12878_NA12885:                 8 comparisons
  NA12878_NA12886:                 8 comparisons
  NA12879_NA12881:                 8 comparisons
  NA12879_NA12882:                 8 comparisons
  NA12879_NA12885:                 8 comparisons
  NA12879_NA12886:                 8 comparisons
  NA12881_NA12882:                 8 comparisons
  NA12881_NA12885:                 8 comparisons
  NA12881_NA12886:                 8 comparisons
  NA12882_NA12885:                 8 comparisons
  NA12882_NA12886:                 8 comparisons
  NA12885_NA12886:                 8 comparisons

Average clustering ratios by algorithm:
  DBSCAN:
    WITHOUT Hamming: 0.2499
    WITH Hamming:    0.2499
  OPTICS:
    WITHOUT Hamming: 0.0435
    WITH Hamming:    0.0435
  INTERVAL_TREE:
    WITHOUT Hamming: 1.0000
    WITH Hamming:    1.0000
  OVERLAP:
    WITHOUT Hamming: 1.0000
    WITH Hamming:    1.0000

For detailed results, see:
  • clustering_ratios_20260206_163256.csv (machine-readable)
  • ratio_stats_21805.out (human-readable with detailed statistics)
